{"logTime": "0529/085943", "correlationVector":"M65QtqRJIuJZPu6MRXYFm8.1","action":"SyncServerConnectionManagerRequest", "result":"SYNC_SERVER_OK", "context":{"environment":"Prod_southeastasia_prod-s01-065-apac-southeastasia", "migrationStage":"NotStarted", "server":"akswtt001000016"}}
{"logTime": "0529/085943", "correlationVector":"M65QtqRJIuJZPu6MRXYFm8.2","action":"ProcessGetUpdates", "result":"Done", "context":{"dataType":"Encryption Keys", "deleted":"0", "process_failed_to_decrypt":"0", "process_pending_decryption":"0", "process_success":"1", "total":"1"}}
{"logTime": "0529/085944", "correlationVector":"2/qokpzoHiyK2aWzY8AmNX","action":"SyncServerConnectionManagerRequest", "result":"SYNC_SERVER_OK", "context":{"environment":"", "migrationStage":"", "server":""}}
{"logTime": "0529/085944", "correlationVector":"2/qokpzoHiyK2aWzY8AmNX.0","action":"EncryptionKeysFetcher.DownloadKeys:", "result":"Success", "context":Key count: 4, Last key timestamp: 2026-05-16T21:22:22Z}
{"logTime": "0529/085944", "correlationVector":"2/qokpzoHiyK2aWzY8AmNX.1","action":"EncryptionKeysManager::SetEncryptionKeys:", "result":"Success", "context":Key names[4]:[Zzvkp3wvkNKF9KI6JeQKVz9wBN8BNJlH9SItOg50oKfRootkRbbiyGaNckHd3odFilZ1DmIBFHZ0h2OJFST6bw==][uVExRKPA2/AUlTcRsuKcYgFSOLCZewW6eRJt8rQ69rLd0JNIjJqNFhdo0FKazyvHDWbuMcl9dCNlmFVWOjQVaQ==][JPahwFbFUSjskMNCu7AbG7SPVQIGosVNWPJb6IUa1K08ipO7exFLJS2eNiKqFVU1+wv3CoPjGZjPEtmoHoutyA==][Cc8mobsmEA8RXYGepnTgnatofX0TTNkQnXIXwCcsqoqVXGxc/eUqeDV35kF4sL1r24ajii6MsEhKpCi+/IE2fg==]}
{"logTime": "0529/085944", "correlationVector":"2/qokpzoHiyK2aWzY8AmNX.2","action":"EncryptionKeysManager::SetEncryptionKeysWithTimestamps:", "result":"Success", "context":Key timestamps[4]:[2024-11-17T12:17:09Z][2025-07-05T16:21:46Z][2026-01-05T06:18:07Z][2026-05-16T21:22:22Z]}
{"logTime": "0529/085944", "correlationVector":"M65QtqRJIuJZPu6MRXYFm8","action":"Initial GetUpdates", "result":"", "context":Reason: NEW_CLIENT. cV=M65QtqRJIuJZPu6MRXYFm8}
{"logTime": "0529/085944", "correlationVector":"M65QtqRJIuJZPu6MRXYFm8.3","action":"GetUpdates Response", "result":"Success", "context":Received 1 update(s). cV=M65QtqRJIuJZPu6MRXYFm8.0;server=akswtt001000016;cloudType=Consumer;environment=Prod_southeastasia_prod-s01-065-apac-southeastasia;migrationStage=NotStarted}
{"logTime": "0529/085944", "correlationVector":"ZXrFtneSvEriNBmE9PiFg7","action":"Initial GetUpdates", "result":"", "context":Reason: NEWLY_SUPPORTED_DATATYPE. cV=ZXrFtneSvEriNBmE9PiFg7}
{"logTime": "0529/085944", "correlationVector":"ZXrFtneSvEriNBmE9PiFg7.1","action":"SyncServerConnectionManagerRequest", "result":"SYNC_SERVER_OK", "context":{"environment":"Prod_southeastasia_prod-s01-065-apac-southeastasia", "migrationStage":"NotStarted", "server":"akswtt00100000m"}}
{"logTime": "0529/085944", "correlationVector":"ZXrFtneSvEriNBmE9PiFg7.2","action":"ProcessGetUpdates", "result":"Done", "context":{"dataType":"Preferences", "deleted":"0", "process_failed_to_decrypt":"0", "process_pending_decryption":"0", "process_success":"78", "total":"78"}}
{"logTime": "0529/085944", "correlationVector":"ZXrFtneSvEriNBmE9PiFg7.3","action":"ProcessGetUpdates", "result":"Done", "context":{"dataType":"Passwords", "deleted":"0", "process_failed_to_decrypt":"0", "process_pending_decryption":"0", "process_success":"1", "total":"1"}}
{"logTime": "0529/085944", "correlationVector":"ZXrFtneSvEriNBmE9PiFg7.4","action":"ProcessGetUpdates", "result":"Done", "context":{"dataType":"Device Info", "deleted":"0", "process_failed_to_decrypt":"0", "process_pending_decryption":"0", "process_success":"6", "total":"6"}}
{"logTime": "0529/085944", "correlationVector":"ZXrFtneSvEriNBmE9PiFg7.5","action":"GetUpdates Response", "result":"Success", "context":Received 85 update(s). cV=ZXrFtneSvEriNBmE9PiFg7.0;server=akswtt00100000m;cloudType=Consumer;environment=Prod_southeastasia_prod-s01-065-apac-southeastasia;migrationStage=NotStarted}
{"logTime": "0529/085945", "correlationVector":"jWXMVxSD8d0rYAJvB0hodD","action":"Initial GetUpdates", "result":"", "context":Reason: NEWLY_SUPPORTED_DATATYPE. cV=jWXMVxSD8d0rYAJvB0hodD}
{"logTime": "0529/085945", "correlationVector":"jWXMVxSD8d0rYAJvB0hodD.1","action":"SyncServerConnectionManagerRequest", "result":"SYNC_SERVER_OK", "context":{"environment":"Prod_southeastasia_prod-s01-065-apac-southeastasia", "migrationStage":"NotStarted", "server":"akswtt00100000o"}}
{"logTime": "0529/085945", "correlationVector":"jWXMVxSD8d0rYAJvB0hodD.2","action":"ProcessGetUpdates", "result":"Done", "context":{"dataType":"Bookmarks", "deleted":"0", "process_failed_to_decrypt":"0", "process_pending_decryption":"0", "process_success":"6", "total":"6"}}
{"logTime": "0529/085945", "correlationVector":"jWXMVxSD8d0rYAJvB0hodD.3","action":"GetUpdates Response", "result":"Success", "context":Received 6 update(s). cV=jWXMVxSD8d0rYAJvB0hodD.0;server=akswtt00100000o;cloudType=Consumer;environment=Prod_southeastasia_prod-s01-065-apac-southeastasia;migrationStage=NotStarted}
{"logTime": "0529/085945", "correlationVector":"Xp4udEVrl3cnbkBdVNiNLV","action":"Initial GetUpdates", "result":"", "context":Reason: NEWLY_SUPPORTED_DATATYPE. cV=Xp4udEVrl3cnbkBdVNiNLV}
{"logTime": "0529/085946", "correlationVector":"Xp4udEVrl3cnbkBdVNiNLV.1","action":"SyncServerConnectionManagerRequest", "result":"SYNC_SERVER_OK", "context":{"environment":"Prod_southeastasia_prod-s01-065-apac-southeastasia", "migrationStage":"NotStarted", "server":"akswtt001000014"}}
{"logTime": "0529/085946", "correlationVector":"Xp4udEVrl3cnbkBdVNiNLV.2","action":"ProcessGetUpdates", "result":"Done", "context":{"dataType":"Autofill Profiles", "deleted":"0", "process_failed_to_decrypt":"0", "process_pending_decryption":"0", "process_success":"4", "total":"4"}}
{"logTime": "0529/085946", "correlationVector":"Xp4udEVrl3cnbkBdVNiNLV.3","action":"ProcessGetUpdates", "result":"Done", "context":{"dataType":"Autofill", "deleted":"0", "process_failed_to_decrypt":"0", "process_pending_decryption":"0", "process_success":"147", "total":"147"}}
{"logTime": "0529/085946", "correlationVector":"Xp4udEVrl3cnbkBdVNiNLV.4","action":"ProcessGetUpdates", "result":"Done", "context":{"dataType":"Sessions", "deleted":"31", "process_failed_to_decrypt":"0", "process_pending_decryption":"0", "process_success":"33", "total":"33"}}
{"logTime": "0529/085946", "correlationVector":"Xp4udEVrl3cnbkBdVNiNLV.5","action":"ProcessGetUpdates", "result":"Done", "context":{"dataType":"Saved Tab Group", "deleted":"3", "process_failed_to_decrypt":"0", "process_pending_decryption":"0", "process_success":"6", "total":"6"}}
{"logTime": "0529/085946", "correlationVector":"Xp4udEVrl3cnbkBdVNiNLV.6","action":"ProcessGetUpdates", "result":"Done", "context":{"dataType":"Edge Hub App Usage", "deleted":"2", "process_failed_to_decrypt":"0", "process_pending_decryption":"0", "process_success":"7", "total":"7"}}
{"logTime": "0529/085946", "correlationVector":"Xp4udEVrl3cnbkBdVNiNLV.7","action":"GetUpdates Response", "result":"Success", "context":Received 197 update(s). cV=Xp4udEVrl3cnbkBdVNiNLV.0;server=akswtt001000014;cloudType=Consumer;environment=Prod_southeastasia_prod-s01-065-apac-southeastasia;migrationStage=NotStarted}
{"logTime": "0529/085946", "correlationVector":"PZMMHfKLuRmnc5WyZ8zB4/","action":"Initial GetUpdates", "result":"", "context":Reason: NEWLY_SUPPORTED_DATATYPE. cV=PZMMHfKLuRmnc5WyZ8zB4/}
{"logTime": "0529/085947", "correlationVector":"PZMMHfKLuRmnc5WyZ8zB4/.1","action":"SyncServerConnectionManagerRequest", "result":"SYNC_SERVER_OK", "context":{"environment":"Prod_southeastasia_prod-s01-065-apac-southeastasia", "migrationStage":"NotStarted", "server":"akswtt00100001p"}}
{"logTime": "0529/085947", "correlationVector":"PZMMHfKLuRmnc5WyZ8zB4/.2","action":"ProcessGetUpdates", "result":"Done", "context":{"dataType":"History", "deleted":"0", "process_failed_to_decrypt":"0", "process_pending_decryption":"0", "process_success":"106", "total":"106"}}
{"logTime": "0529/085947", "correlationVector":"PZMMHfKLuRmnc5WyZ8zB4/.3","action":"GetUpdates Response", "result":"Success", "context":Received 106 update(s). cV=PZMMHfKLuRmnc5WyZ8zB4/.0;server=akswtt00100001p;cloudType=Consumer;environment=Prod_southeastasia_prod-s01-065-apac-southeastasia;migrationStage=NotStarted}
{"logTime": "0529/085947", "correlationVector":"scsOnzo70wcN/GWZOj6ZYK","action":"Normal GetUpdate request", "result":"", "context":cV=scsOnzo70wcN/GWZOj6ZYK
Nudged types: Sessions, Device Info, User Consents
Refresh requested types: Bookmarks, Preferences, Passwords, Autofill Profiles, Autofill, Extensions, Sessions, Extension settings, History Delete Directives, Device Info, User Consents, Send Tab To Self, Web Apps, History, Saved Tab Group, WebAuthn Credentials, Collection, Edge E Drop, Edge Hub App Usage, Edge Wallet, Edge Workspace, Encryption Keys}
{"logTime": "0529/085948", "correlationVector":"scsOnzo70wcN/GWZOj6ZYK.1","action":"SyncServerConnectionManagerRequest", "result":"SYNC_SERVER_OK", "context":{"environment":"Prod_southeastasia_prod-s01-065-apac-southeastasia", "migrationStage":"NotStarted", "server":"akswtt00100000n"}}
{"logTime": "0529/085948", "correlationVector":"scsOnzo70wcN/GWZOj6ZYK.2","action":"GetUpdates Response", "result":"Success", "context":Received 0 update(s). cV=scsOnzo70wcN/GWZOj6ZYK.0;server=akswtt00100000n;cloudType=Consumer;environment=Prod_southeastasia_prod-s01-065-apac-southeastasia;migrationStage=NotStarted}
{"logTime": "0529/085948", "correlationVector":"niuY6SQ9BLYOtIsnYiF2r0","action":"DoCompareDataConsistency requsted types: ", "result":"Bookmarks, Preferences, Passwords, Extensions, Extension settings, History Delete Directives, Send Tab To Self, Web Apps, History, Saved Tab Group, WebAuthn Credentials, Collection, Edge E Drop, Edge Wallet, Edge Workspace, Encryption Keys"}
{"logTime": "0529/085948", "correlationVector":"niuY6SQ9BLYOtIsnYiF2r0.0","action":"CompareDataConsistency result: ", "result":"Compare result: Encryption Keys is consistent. local entities count is: 1 local entities hash is: 52+ohcOdIc4k+MsnTZStGEQqhWo="}
{"logTime": "0529/085948", "correlationVector":"niuY6SQ9BLYOtIsnYiF2r0.1","action":"CompareDataConsistency result: ", "result":"Compare result: Bookmarks is consistent. local entities count is: 0 local entities hash is: "}
{"logTime": "0529/085948", "correlationVector":"niuY6SQ9BLYOtIsnYiF2r0.2","action":"CompareDataConsistency result: ", "result":"Compare result: Preferences is consistent. local entities count is: 78 local entities hash is: Q954dN2T9aPyac/SyakeToqQ9b0="}
{"logTime": "0529/085948", "correlationVector":"niuY6SQ9BLYOtIsnYiF2r0.3","action":"CompareDataConsistency result: ", "result":"Compare result: Extensions is consistent. local entities count is: 0 local entities hash is: "}
{"logTime": "0529/085948", "correlationVector":"niuY6SQ9BLYOtIsnYiF2r0.4","action":"CompareDataConsistency result: ", "result":"Compare result: Extension settings is consistent. local entities count is: 0 local entities hash is: "}
{"logTime": "0529/085948", "correlationVector":"niuY6SQ9BLYOtIsnYiF2r0.5","action":"CompareDataConsistency result: ", "result":"Compare result: History Delete Directives is consistent. local entities count is: 0 local entities hash is: "}
{"logTime": "0529/085948", "correlationVector":"niuY6SQ9BLYOtIsnYiF2r0.6","action":"CompareDataConsistency result: ", "result":"Server did not send this Send Tab To Self local entities count is: 0 local entities hash is: "}
{"logTime": "0529/085948", "correlationVector":"niuY6SQ9BLYOtIsnYiF2r0.7","action":"CompareDataConsistency result: ", "result":"Compare result: Web Apps is consistent. local entities count is: 0 local entities hash is: "}
{"logTime": "0529/085948", "correlationVector":"niuY6SQ9BLYOtIsnYiF2r0.8","action":"CompareDataConsistency result: ", "result":"Server did not send this History local entities count is: 0 local entities hash is: "}
{"logTime": "0529/085948", "correlationVector":"niuY6SQ9BLYOtIsnYiF2r0.9","action":"CompareDataConsistency result: ", "result":"Compare result: Saved Tab Group is consistent. local entities count is: 3 local entities hash is: P64DiKxnqOcEOaAD2fA9TMGxef8="}
{"logTime": "0529/085948", "correlationVector":"niuY6SQ9BLYOtIsnYiF2r0.10","action":"CompareDataConsistency result: ", "result":"Server did not send this WebAuthn Credentials local entities count is: 0 local entities hash is: "}
{"logTime": "0529/085948", "correlationVector":"niuY6SQ9BLYOtIsnYiF2r0.11","action":"CompareDataConsistency result: ", "result":"Compare result: Collection is consistent. local entities count is: 0 local entities hash is: "}
{"logTime": "0529/085948", "correlationVector":"niuY6SQ9BLYOtIsnYiF2r0.12","action":"CompareDataConsistency result: ", "result":"Compare result: Edge E Drop is consistent. local entities count is: 0 local entities hash is: "}
{"logTime": "0529/085948", "correlationVector":"niuY6SQ9BLYOtIsnYiF2r0.13","action":"CompareDataConsistency result: ", "result":"Compare result: Edge Wallet is consistent. local entities count is: 0 local entities hash is: "}
{"logTime": "0529/085948", "correlationVector":"niuY6SQ9BLYOtIsnYiF2r0.14","action":"CompareDataConsistency result: ", "result":"Server did not send this Edge Workspace local entities count is: 0 local entities hash is: "}
{"logTime": "0529/085948", "correlationVector":"niuY6SQ9BLYOtIsnYiF2r0.15","action":"CompareDataConsistency result: ", "result":"Compare result: Passwords is consistent. local entities count is: 1 local entities hash is: fko1h5Stb7uQg7LJGJ58I59igaM="}
{"logTime": "0529/085948", "correlationVector":"YjdsSJem3vVdnKxZcQYUpt","action":"Commit Request", "result":"", "context":Item count: 4
Contributing types: Sessions, Device Info, User Consents}
{"logTime": "0529/085950", "correlationVector":"YjdsSJem3vVdnKxZcQYUpt.1","action":"SyncServerConnectionManagerRequest", "result":"SYNC_SERVER_OK", "context":{"environment":"Prod_southeastasia_prod-s01-065-apac-southeastasia", "migrationStage":"NotStarted", "server":"akswtt00100000o"}}
{"logTime": "0529/085950", "correlationVector":"YjdsSJem3vVdnKxZcQYUpt.2","action":"Commit Response", "result":"Success", "context":Result: Success. cV=YjdsSJem3vVdnKxZcQYUpt.0;server=akswtt00100000o;cloudType=Consumer;environment=Prod_southeastasia_prod-s01-065-apac-southeastasia;migrationStage=NotStarted}
{"logTime": "0529/085950", "correlationVector":"","action":"DIAGNOSTIC_REQUEST|v1/diagnosticData/Diagnostic.SendCheckResult()|SUCCESS", "result":""}
{"logTime": "0529/090057", "correlationVector":"VmANHXG7PCykKYLkB7JjSa","action":"Commit Request", "result":"", "context":Item count: 2
Contributing types: Sessions, History}
{"logTime": "0529/090058", "correlationVector":"VmANHXG7PCykKYLkB7JjSa.1","action":"SyncServerConnectionManagerRequest", "result":"SYNC_SERVER_OK", "context":{"environment":"Prod_southeastasia_prod-s01-065-apac-southeastasia", "migrationStage":"NotStarted", "server":"akswtt00100001h"}}
{"logTime": "0529/090058", "correlationVector":"VmANHXG7PCykKYLkB7JjSa.2","action":"Commit Response", "result":"Success", "context":Result: Success. cV=VmANHXG7PCykKYLkB7JjSa.0;server=akswtt00100001h;cloudType=Consumer;environment=Prod_southeastasia_prod-s01-065-apac-southeastasia;migrationStage=NotStarted}
{"logTime": "0530/142040", "correlationVector":"BnkCexRIbKvnuMI0tKjxl1.1","action":"SyncServerConnectionManagerRequest", "result":"SYNC_SERVER_OK", "context":{"environment":"Prod_southeastasia_prod-s01-064-apac-southeastasia", "migrationStage":"NotStarted", "server":"akswtt001000017"}}
{"logTime": "0530/142040", "correlationVector":"BnkCexRIbKvnuMI0tKjxl1.2","action":"ProcessGetUpdates", "result":"Done", "context":{"dataType":"Encryption Keys", "deleted":"0", "process_failed_to_decrypt":"0", "process_pending_decryption":"0", "process_success":"1", "total":"1"}}
{"logTime": "0530/142040", "correlationVector":"PWQbFjgChI6veRFOm/aF+z","action":"SyncServerConnectionManagerRequest", "result":"SYNC_SERVER_OK", "context":{"environment":"", "migrationStage":"", "server":""}}
{"logTime": "0530/142040", "correlationVector":"PWQbFjgChI6veRFOm/aF+z.0","action":"EncryptionKeysFetcher.DownloadKeys:", "result":"Success", "context":Key count: 4, Last key timestamp: 2026-05-16T21:22:22Z}
{"logTime": "0530/142040", "correlationVector":"PWQbFjgChI6veRFOm/aF+z.1","action":"EncryptionKeysManager::SetEncryptionKeys:", "result":"Success", "context":Key names[4]:[Zzvkp3wvkNKF9KI6JeQKVz9wBN8BNJlH9SItOg50oKfRootkRbbiyGaNckHd3odFilZ1DmIBFHZ0h2OJFST6bw==][uVExRKPA2/AUlTcRsuKcYgFSOLCZewW6eRJt8rQ69rLd0JNIjJqNFhdo0FKazyvHDWbuMcl9dCNlmFVWOjQVaQ==][JPahwFbFUSjskMNCu7AbG7SPVQIGosVNWPJb6IUa1K08ipO7exFLJS2eNiKqFVU1+wv3CoPjGZjPEtmoHoutyA==][Cc8mobsmEA8RXYGepnTgnatofX0TTNkQnXIXwCcsqoqVXGxc/eUqeDV35kF4sL1r24ajii6MsEhKpCi+/IE2fg==]}
{"logTime": "0530/142040", "correlationVector":"PWQbFjgChI6veRFOm/aF+z.2","action":"EncryptionKeysManager::SetEncryptionKeysWithTimestamps:", "result":"Success", "context":Key timestamps[4]:[2024-11-17T12:17:09Z][2025-07-05T16:21:46Z][2026-01-05T06:18:07Z][2026-05-16T21:22:22Z]}
{"logTime": "0530/142040", "correlationVector":"BnkCexRIbKvnuMI0tKjxl1","action":"Initial GetUpdates", "result":"", "context":Reason: NEW_CLIENT. cV=BnkCexRIbKvnuMI0tKjxl1}
{"logTime": "0530/142040", "correlationVector":"BnkCexRIbKvnuMI0tKjxl1.3","action":"GetUpdates Response", "result":"Success", "context":Received 1 update(s). cV=BnkCexRIbKvnuMI0tKjxl1.0;server=akswtt001000017;cloudType=Consumer;environment=Prod_southeastasia_prod-s01-064-apac-southeastasia;migrationStage=NotStarted}
{"logTime": "0530/142040", "correlationVector":"5Cr0mGe0ZXf6vBZcVwdfe8","action":"Initial GetUpdates", "result":"", "context":Reason: NEWLY_SUPPORTED_DATATYPE. cV=5Cr0mGe0ZXf6vBZcVwdfe8}
{"logTime": "0530/142041", "correlationVector":"5Cr0mGe0ZXf6vBZcVwdfe8.1","action":"SyncServerConnectionManagerRequest", "result":"SYNC_SERVER_OK", "context":{"environment":"Prod_southeastasia_prod-s01-064-apac-southeastasia", "migrationStage":"NotStarted", "server":"akswtt001000003"}}
{"logTime": "0530/142041", "correlationVector":"5Cr0mGe0ZXf6vBZcVwdfe8.2","action":"ProcessGetUpdates", "result":"Done", "context":{"dataType":"Passwords", "deleted":"0", "process_failed_to_decrypt":"0", "process_pending_decryption":"0", "process_success":"1", "total":"1"}}
{"logTime": "0530/142041", "correlationVector":"5Cr0mGe0ZXf6vBZcVwdfe8.3","action":"GetUpdates Response", "result":"Success", "context":Received 1 update(s). cV=5Cr0mGe0ZXf6vBZcVwdfe8.0;server=akswtt001000003;cloudType=Consumer;environment=Prod_southeastasia_prod-s01-064-apac-southeastasia;migrationStage=NotStarted}
{"logTime": "0530/142041", "correlationVector":"qeLBjZvg/B7g1VGMo462jj","action":"Normal GetUpdate request", "result":"", "context":cV=qeLBjZvg/B7g1VGMo462jj
Nudged types: Sessions, Device Info, History
Refresh requested types: Bookmarks, Preferences, Passwords, Autofill Profiles, Autofill, Extensions, Sessions, Extension settings, History Delete Directives, Device Info, User Consents, Send Tab To Self, Web Apps, History, Saved Tab Group, WebAuthn Credentials, Collection, Edge E Drop, Edge Hub App Usage, Edge Wallet, Edge Workspace, Encryption Keys}
{"logTime": "0530/142042", "correlationVector":"qeLBjZvg/B7g1VGMo462jj.1","action":"SyncServerConnectionManagerRequest", "result":"SYNC_SERVER_OK", "context":{"environment":"Prod_southeastasia_prod-s01-064-apac-southeastasia", "migrationStage":"NotStarted", "server":"akswtt00100000f"}}
{"logTime": "0530/142042", "correlationVector":"qeLBjZvg/B7g1VGMo462jj.2","action":"ProcessGetUpdates", "result":"Done", "context":{"dataType":"Sessions", "deleted":"0", "process_failed_to_decrypt":"0", "process_pending_decryption":"0", "process_success":"2", "total":"2"}}
{"logTime": "0530/142042", "correlationVector":"qeLBjZvg/B7g1VGMo462jj.3","action":"ProcessGetUpdates", "result":"Done", "context":{"dataType":"Device Info", "deleted":"0", "process_failed_to_decrypt":"0", "process_pending_decryption":"0", "process_success":"1", "total":"1"}}
{"logTime": "0530/142042", "correlationVector":"qeLBjZvg/B7g1VGMo462jj.4","action":"ProcessGetUpdates", "result":"Done", "context":{"dataType":"History", "deleted":"0", "process_failed_to_decrypt":"0", "process_pending_decryption":"0", "process_success":"1", "total":"1"}}
{"logTime": "0530/142042", "correlationVector":"qeLBjZvg/B7g1VGMo462jj.5","action":"GetUpdates Response", "result":"Success", "context":Received 4 update(s). cV=qeLBjZvg/B7g1VGMo462jj.0;server=akswtt00100000f;cloudType=Consumer;environment=Prod_southeastasia_prod-s01-064-apac-southeastasia;migrationStage=NotStarted}
{"logTime": "0530/142042", "correlationVector":"PSxKvhvqYNCBqqrQK5ozgV","action":"Commit Request", "result":"", "context":Item count: 5
Contributing types: Sessions, Device Info, History}
{"logTime": "0530/142043", "correlationVector":"PSxKvhvqYNCBqqrQK5ozgV.1","action":"SyncServerConnectionManagerRequest", "result":"SYNC_SERVER_OK", "context":{"environment":"Prod_southeastasia_prod-s01-064-apac-southeastasia", "migrationStage":"NotStarted", "server":"akswtt00100000o"}}
{"logTime": "0530/142043", "correlationVector":"PSxKvhvqYNCBqqrQK5ozgV.3","action":"Commit.Sessions", "result":"Success", "context":{"id":"9b7b49cd-393e-4fc2-8ade-2276af0804d6", "isDeleted":"true", "size":"0", "version":"1780045259169"}}
{"logTime": "0530/142043", "correlationVector":"PSxKvhvqYNCBqqrQK5ozgV.2","action":"Commit Response", "result":"Success", "context":Result: Success. cV=PSxKvhvqYNCBqqrQK5ozgV.0;server=akswtt00100000o;cloudType=Consumer;environment=Prod_southeastasia_prod-s01-064-apac-southeastasia;migrationStage=NotStarted}
{"logTime": "0530/142043", "correlationVector":"Sg9kVdMjmf4LINgaYP/x24","action":"Commit Request", "result":"", "context":Item count: 2
Contributing types: Sessions, History}
{"logTime": "0530/142044", "correlationVector":"Sg9kVdMjmf4LINgaYP/x24.1","action":"SyncServerConnectionManagerRequest", "result":"SYNC_SERVER_OK", "context":{"environment":"Prod_southeastasia_prod-s01-064-apac-southeastasia", "migrationStage":"NotStarted", "server":"akswtt00100000o"}}
{"logTime": "0530/142044", "correlationVector":"Sg9kVdMjmf4LINgaYP/x24.2","action":"Commit Response", "result":"Success", "context":Result: Success. cV=Sg9kVdMjmf4LINgaYP/x24.0;server=akswtt00100000o;cloudType=Consumer;environment=Prod_southeastasia_prod-s01-064-apac-southeastasia;migrationStage=NotStarted}
{"logTime": "0530/142044", "correlationVector":"fYXcngiYEB2binMCqbBE5A","action":"Poll GetUpdate request", "result":"", "context":cV=fYXcngiYEB2binMCqbBE5A}
{"logTime": "0530/142044", "correlationVector":"fYXcngiYEB2binMCqbBE5A.1","action":"SyncServerConnectionManagerRequest", "result":"SYNC_SERVER_OK", "context":{"environment":"Prod_southeastasia_prod-s01-064-apac-southeastasia", "migrationStage":"NotStarted", "server":"akswtt001000003"}}
{"logTime": "0530/142044", "correlationVector":"fYXcngiYEB2binMCqbBE5A.2","action":"ProcessGetUpdates", "result":"Done", "context":{"dataType":"Sessions", "deleted":"1", "process_failed_to_decrypt":"0", "process_pending_decryption":"0", "process_success":"3", "total":"3"}}
{"logTime": "0530/142044", "correlationVector":"fYXcngiYEB2binMCqbBE5A.3","action":"ProcessGetUpdates", "result":"Done", "context":{"dataType":"Device Info", "deleted":"0", "process_failed_to_decrypt":"0", "process_pending_decryption":"0", "process_success":"1", "total":"1"}}
{"logTime": "0530/142044", "correlationVector":"fYXcngiYEB2binMCqbBE5A.4","action":"ProcessGetUpdates", "result":"Done", "context":{"dataType":"History", "deleted":"0", "process_failed_to_decrypt":"0", "process_pending_decryption":"0", "process_success":"2", "total":"2"}}
{"logTime": "0530/142044", "correlationVector":"fYXcngiYEB2binMCqbBE5A.5","action":"GetUpdates Response", "result":"Success", "context":Received 6 update(s). cV=fYXcngiYEB2binMCqbBE5A.0;server=akswtt001000003;cloudType=Consumer;environment=Prod_southeastasia_prod-s01-064-apac-southeastasia;migrationStage=NotStarted}
{"logTime": "0530/142147", "correlationVector":"G2CivrCRXZDe0TmN13IfTE","action":"Commit Request", "result":"", "context":Item count: 3
Contributing types: Sessions, Device Info, History}
{"logTime": "0530/142150", "correlationVector":"G2CivrCRXZDe0TmN13IfTE.1","action":"SyncServerConnectionManagerRequest", "result":"SYNC_SERVER_OK", "context":{"environment":"Prod_southeastasia_prod-s01-064-apac-southeastasia", "migrationStage":"NotStarted", "server":"akswtt00100000h"}}
{"logTime": "0530/142150", "correlationVector":"G2CivrCRXZDe0TmN13IfTE.2","action":"Commit Response", "result":"Success", "context":Result: Success. cV=G2CivrCRXZDe0TmN13IfTE.0;server=akswtt00100000h;cloudType=Consumer;environment=Prod_southeastasia_prod-s01-064-apac-southeastasia;migrationStage=NotStarted}
{"logTime": "0530/142541", "correlationVector":"NE13fM7FkBgEaUZMOnllEc","action":"Commit Request", "result":"", "context":Item count: 1
Contributing types: History}
{"logTime": "0530/142541", "correlationVector":"NE13fM7FkBgEaUZMOnllEc.1","action":"SyncServerConnectionManagerRequest", "result":"SYNC_SERVER_OK", "context":{"environment":"Prod_southeastasia_prod-s01-064-apac-southeastasia", "migrationStage":"NotStarted", "server":"akswtt001000008"}}
{"logTime": "0530/142541", "correlationVector":"NE13fM7FkBgEaUZMOnllEc.2","action":"Commit Response", "result":"Success", "context":Result: Success. cV=NE13fM7FkBgEaUZMOnllEc.0;server=akswtt001000008;cloudType=Consumer;environment=Prod_southeastasia_prod-s01-064-apac-southeastasia;migrationStage=NotStarted}
{"logTime": "0530/142807", "correlationVector":"UqcDtqUgv4WBX1aAPexkqn","action":"Commit Request", "result":"", "context":Item count: 1
Contributing types: Sessions}
{"logTime": "0530/142807", "correlationVector":"UqcDtqUgv4WBX1aAPexkqn.1","action":"SyncServerConnectionManagerRequest", "result":"SYNC_SERVER_OK", "context":{"environment":"Prod_southeastasia_prod-s01-064-apac-southeastasia", "migrationStage":"NotStarted", "server":"akswtt00100000s"}}
{"logTime": "0530/142807", "correlationVector":"UqcDtqUgv4WBX1aAPexkqn.2","action":"Commit Response", "result":"Success", "context":Result: Success. cV=UqcDtqUgv4WBX1aAPexkqn.0;server=akswtt00100000s;cloudType=Consumer;environment=Prod_southeastasia_prod-s01-064-apac-southeastasia;migrationStage=NotStarted}
{"logTime": "0530/143446", "correlationVector":"gYvkp9FkHNE+cAzq0rdpbI.1","action":"SyncServerConnectionManagerRequest", "result":"SYNC_SERVER_OK", "context":{"environment":"Prod_southeastasia_prod-s01-064-apac-southeastasia", "migrationStage":"NotStarted", "server":"akswtt00100000p"}}
{"logTime": "0530/143446", "correlationVector":"gYvkp9FkHNE+cAzq0rdpbI.2","action":"ProcessGetUpdates", "result":"Done", "context":{"dataType":"Encryption Keys", "deleted":"0", "process_failed_to_decrypt":"0", "process_pending_decryption":"0", "process_success":"1", "total":"1"}}
{"logTime": "0530/143447", "correlationVector":"z2y+a3Bg65VnpMC4j5EKIx","action":"SyncServerConnectionManagerRequest", "result":"SYNC_SERVER_OK", "context":{"environment":"", "migrationStage":"", "server":""}}
{"logTime": "0530/143447", "correlationVector":"z2y+a3Bg65VnpMC4j5EKIx.0","action":"EncryptionKeysFetcher.DownloadKeys:", "result":"Success", "context":Key count: 4, Last key timestamp: 2026-05-16T21:22:22Z}
{"logTime": "0530/143447", "correlationVector":"z2y+a3Bg65VnpMC4j5EKIx.1","action":"EncryptionKeysManager::SetEncryptionKeys:", "result":"Success", "context":Key names[4]:[Zzvkp3wvkNKF9KI6JeQKVz9wBN8BNJlH9SItOg50oKfRootkRbbiyGaNckHd3odFilZ1DmIBFHZ0h2OJFST6bw==][uVExRKPA2/AUlTcRsuKcYgFSOLCZewW6eRJt8rQ69rLd0JNIjJqNFhdo0FKazyvHDWbuMcl9dCNlmFVWOjQVaQ==][JPahwFbFUSjskMNCu7AbG7SPVQIGosVNWPJb6IUa1K08ipO7exFLJS2eNiKqFVU1+wv3CoPjGZjPEtmoHoutyA==][Cc8mobsmEA8RXYGepnTgnatofX0TTNkQnXIXwCcsqoqVXGxc/eUqeDV35kF4sL1r24ajii6MsEhKpCi+/IE2fg==]}
{"logTime": "0530/143447", "correlationVector":"z2y+a3Bg65VnpMC4j5EKIx.2","action":"EncryptionKeysManager::SetEncryptionKeysWithTimestamps:", "result":"Success", "context":Key timestamps[4]:[2024-11-17T12:17:09Z][2025-07-05T16:21:46Z][2026-01-05T06:18:07Z][2026-05-16T21:22:22Z]}
{"logTime": "0530/143447", "correlationVector":"gYvkp9FkHNE+cAzq0rdpbI","action":"Initial GetUpdates", "result":"", "context":Reason: NEW_CLIENT. cV=gYvkp9FkHNE+cAzq0rdpbI}
{"logTime": "0530/143447", "correlationVector":"gYvkp9FkHNE+cAzq0rdpbI.3","action":"GetUpdates Response", "result":"Success", "context":Received 1 update(s). cV=gYvkp9FkHNE+cAzq0rdpbI.0;server=akswtt00100000p;cloudType=Consumer;environment=Prod_southeastasia_prod-s01-064-apac-southeastasia;migrationStage=NotStarted}
{"logTime": "0530/143447", "correlationVector":"Gip52rJStSZBjCh0WQIjhD","action":"Initial GetUpdates", "result":"", "context":Reason: NEWLY_SUPPORTED_DATATYPE. cV=Gip52rJStSZBjCh0WQIjhD}
{"logTime": "0530/143448", "correlationVector":"Gip52rJStSZBjCh0WQIjhD.1","action":"SyncServerConnectionManagerRequest", "result":"SYNC_SERVER_OK", "context":{"environment":"Prod_southeastasia_prod-s01-064-apac-southeastasia", "migrationStage":"NotStarted", "server":"akswtt001000013"}}
{"logTime": "0530/143448", "correlationVector":"Gip52rJStSZBjCh0WQIjhD.2","action":"ProcessGetUpdates", "result":"Done", "context":{"dataType":"Preferences", "deleted":"0", "process_failed_to_decrypt":"0", "process_pending_decryption":"0", "process_success":"78", "total":"78"}}
{"logTime": "0530/143448", "correlationVector":"Gip52rJStSZBjCh0WQIjhD.3","action":"ProcessGetUpdates", "result":"Done", "context":{"dataType":"Passwords", "deleted":"0", "process_failed_to_decrypt":"0", "process_pending_decryption":"0", "process_success":"1", "total":"1"}}
{"logTime": "0530/143448", "correlationVector":"Gip52rJStSZBjCh0WQIjhD.4","action":"ProcessGetUpdates", "result":"Done", "context":{"dataType":"Device Info", "deleted":"0", "process_failed_to_decrypt":"0", "process_pending_decryption":"0", "process_success":"7", "total":"7"}}
{"logTime": "0530/143448", "correlationVector":"Gip52rJStSZBjCh0WQIjhD.5","action":"GetUpdates Response", "result":"Success", "context":Received 86 update(s). cV=Gip52rJStSZBjCh0WQIjhD.0;server=akswtt001000013;cloudType=Consumer;environment=Prod_southeastasia_prod-s01-064-apac-southeastasia;migrationStage=NotStarted}
{"logTime": "0530/143448", "correlationVector":"BXQ+ZmxhxSeY6CPblvTWi7","action":"Initial GetUpdates", "result":"", "context":Reason: NEWLY_SUPPORTED_DATATYPE. cV=BXQ+ZmxhxSeY6CPblvTWi7}
{"logTime": "0530/143448", "correlationVector":"BXQ+ZmxhxSeY6CPblvTWi7.1","action":"SyncServerConnectionManagerRequest", "result":"SYNC_SERVER_OK", "context":{"environment":"Prod_southeastasia_prod-s01-064-apac-southeastasia", "migrationStage":"NotStarted", "server":"akswtt00100001k"}}
{"logTime": "0530/143448", "correlationVector":"BXQ+ZmxhxSeY6CPblvTWi7.2","action":"ProcessGetUpdates", "result":"Done", "context":{"dataType":"Bookmarks", "deleted":"0", "process_failed_to_decrypt":"0", "process_pending_decryption":"0", "process_success":"6", "total":"6"}}
{"logTime": "0530/143448", "correlationVector":"BXQ+ZmxhxSeY6CPblvTWi7.3","action":"GetUpdates Response", "result":"Success", "context":Received 6 update(s). cV=BXQ+ZmxhxSeY6CPblvTWi7.0;server=akswtt00100001k;cloudType=Consumer;environment=Prod_southeastasia_prod-s01-064-apac-southeastasia;migrationStage=NotStarted}
{"logTime": "0530/143448", "correlationVector":"+9a8CjGO8v/xbFaPdoBE1k","action":"Initial GetUpdates", "result":"", "context":Reason: NEWLY_SUPPORTED_DATATYPE. cV=+9a8CjGO8v/xbFaPdoBE1k}
{"logTime": "0530/143449", "correlationVector":"+9a8CjGO8v/xbFaPdoBE1k.1","action":"SyncServerConnectionManagerRequest", "result":"SYNC_SERVER_OK", "context":{"environment":"Prod_southeastasia_prod-s01-064-apac-southeastasia", "migrationStage":"NotStarted", "server":"akswtt001000004"}}
{"logTime": "0530/143449", "correlationVector":"+9a8CjGO8v/xbFaPdoBE1k.2","action":"ProcessGetUpdates", "result":"Done", "context":{"dataType":"Autofill Profiles", "deleted":"0", "process_failed_to_decrypt":"0", "process_pending_decryption":"0", "process_success":"4", "total":"4"}}
{"logTime": "0530/143449", "correlationVector":"+9a8CjGO8v/xbFaPdoBE1k.3","action":"ProcessGetUpdates", "result":"Done", "context":{"dataType":"Autofill", "deleted":"0", "process_failed_to_decrypt":"0", "process_pending_decryption":"0", "process_success":"147", "total":"147"}}
{"logTime": "0530/143449", "correlationVector":"+9a8CjGO8v/xbFaPdoBE1k.4","action":"ProcessGetUpdates", "result":"Done", "context":{"dataType":"Sessions", "deleted":"32", "process_failed_to_decrypt":"0", "process_pending_decryption":"0", "process_success":"36", "total":"36"}}
{"logTime": "0530/143449", "correlationVector":"+9a8CjGO8v/xbFaPdoBE1k.5","action":"ProcessGetUpdates", "result":"Done", "context":{"dataType":"Saved Tab Group", "deleted":"3", "process_failed_to_decrypt":"0", "process_pending_decryption":"0", "process_success":"6", "total":"6"}}
{"logTime": "0530/143449", "correlationVector":"+9a8CjGO8v/xbFaPdoBE1k.6","action":"ProcessGetUpdates", "result":"Done", "context":{"dataType":"Edge Hub App Usage", "deleted":"2", "process_failed_to_decrypt":"0", "process_pending_decryption":"0", "process_success":"7", "total":"7"}}
{"logTime": "0530/143449", "correlationVector":"+9a8CjGO8v/xbFaPdoBE1k.7","action":"GetUpdates Response", "result":"Success", "context":Received 200 update(s). cV=+9a8CjGO8v/xbFaPdoBE1k.0;server=akswtt001000004;cloudType=Consumer;environment=Prod_southeastasia_prod-s01-064-apac-southeastasia;migrationStage=NotStarted}
{"logTime": "0530/143449", "correlationVector":"VWm7P8gAIrmfZBWFJgB5S5","action":"Initial GetUpdates", "result":"", "context":Reason: NEWLY_SUPPORTED_DATATYPE. cV=VWm7P8gAIrmfZBWFJgB5S5}
{"logTime": "0530/143449", "correlationVector":"VWm7P8gAIrmfZBWFJgB5S5.1","action":"SyncServerConnectionManagerRequest", "result":"SYNC_SERVER_OK", "context":{"environment":"Prod_southeastasia_prod-s01-064-apac-southeastasia", "migrationStage":"NotStarted", "server":"akswtt00100000f"}}
{"logTime": "0530/143449", "correlationVector":"VWm7P8gAIrmfZBWFJgB5S5.2","action":"ProcessGetUpdates", "result":"Done", "context":{"dataType":"History", "deleted":"0", "process_failed_to_decrypt":"0", "process_pending_decryption":"0", "process_success":"108", "total":"108"}}
{"logTime": "0530/143449", "correlationVector":"VWm7P8gAIrmfZBWFJgB5S5.3","action":"GetUpdates Response", "result":"Success", "context":Received 108 update(s). cV=VWm7P8gAIrmfZBWFJgB5S5.0;server=akswtt00100000f;cloudType=Consumer;environment=Prod_southeastasia_prod-s01-064-apac-southeastasia;migrationStage=NotStarted}
{"logTime": "0530/143449", "correlationVector":"SJEv+0niuZ1FAmBgmEPv0e","action":"Normal GetUpdate request", "result":"", "context":cV=SJEv+0niuZ1FAmBgmEPv0e
Nudged types: Sessions, Device Info
Refresh requested types: Bookmarks, Preferences, Passwords, Autofill Profiles, Autofill, Extensions, Sessions, Extension settings, History Delete Directives, Device Info, User Consents, Send Tab To Self, Web Apps, History, Saved Tab Group, WebAuthn Credentials, Collection, Edge E Drop, Edge Hub App Usage, Edge Wallet, Edge Workspace, Encryption Keys}
{"logTime": "0530/143449", "correlationVector":"SJEv+0niuZ1FAmBgmEPv0e.1","action":"SyncServerConnectionManagerRequest", "result":"SYNC_SERVER_OK", "context":{"environment":"Prod_southeastasia_prod-s01-064-apac-southeastasia", "migrationStage":"NotStarted", "server":"akswtt001000016"}}
{"logTime": "0530/143449", "correlationVector":"SJEv+0niuZ1FAmBgmEPv0e.2","action":"GetUpdates Response", "result":"Success", "context":Received 0 update(s). cV=SJEv+0niuZ1FAmBgmEPv0e.0;server=akswtt001000016;cloudType=Consumer;environment=Prod_southeastasia_prod-s01-064-apac-southeastasia;migrationStage=NotStarted}
{"logTime": "0530/143449", "correlationVector":"h2QvNAa84ULD2Fdzmrb1l6","action":"Commit Request", "result":"", "context":Item count: 3
Contributing types: Sessions, Device Info}
{"logTime": "0530/143451", "correlationVector":"h2QvNAa84ULD2Fdzmrb1l6.1","action":"SyncServerConnectionManagerRequest", "result":"SYNC_SERVER_OK", "context":{"environment":"Prod_southeastasia_prod-s01-064-apac-southeastasia", "migrationStage":"NotStarted", "server":"akswtt001000017"}}
{"logTime": "0530/143451", "correlationVector":"h2QvNAa84ULD2Fdzmrb1l6.2","action":"Commit Response", "result":"Success", "context":Result: Success. cV=h2QvNAa84ULD2Fdzmrb1l6.0;server=akswtt001000017;cloudType=Consumer;environment=Prod_southeastasia_prod-s01-064-apac-southeastasia;migrationStage=NotStarted}
{"logTime": "0530/143553", "correlationVector":"iN+sQ3I4ZHl7/Nqqz/J6rB","action":"Commit Request", "result":"", "context":Item count: 2
Contributing types: Sessions, History}
{"logTime": "0530/143554", "correlationVector":"iN+sQ3I4ZHl7/Nqqz/J6rB.1","action":"SyncServerConnectionManagerRequest", "result":"SYNC_SERVER_OK", "context":{"environment":"Prod_southeastasia_prod-s01-064-apac-southeastasia", "migrationStage":"NotStarted", "server":"akswtt001000018"}}
{"logTime": "0530/143554", "correlationVector":"iN+sQ3I4ZHl7/Nqqz/J6rB.2","action":"Commit Response", "result":"Success", "context":Result: Success. cV=iN+sQ3I4ZHl7/Nqqz/J6rB.0;server=akswtt001000018;cloudType=Consumer;environment=Prod_southeastasia_prod-s01-064-apac-southeastasia;migrationStage=NotStarted}
{"logTime": "0530/143736", "correlationVector":"JtHqBE9I7ZLQ2Ftr6h0XoF","action":"Commit Request", "result":"", "context":Item count: 1
Contributing types: Sessions}
{"logTime": "0530/143736", "correlationVector":"JtHqBE9I7ZLQ2Ftr6h0XoF.1","action":"SyncServerConnectionManagerRequest", "result":"SYNC_SERVER_OK", "context":{"environment":"Prod_southeastasia_prod-s01-064-apac-southeastasia", "migrationStage":"NotStarted", "server":"akswtt001000013"}}
{"logTime": "0530/143736", "correlationVector":"JtHqBE9I7ZLQ2Ftr6h0XoF.2","action":"Commit Response", "result":"Success", "context":Result: Success. cV=JtHqBE9I7ZLQ2Ftr6h0XoF.0;server=akswtt001000013;cloudType=Consumer;environment=Prod_southeastasia_prod-s01-064-apac-southeastasia;migrationStage=NotStarted}
{"logTime": "0530/164030", "correlationVector":"xjAvHYetpkSCjVs+fBiHC8.1","action":"SyncServerConnectionManagerRequest", "result":"SYNC_SERVER_OK", "context":{"environment":"Prod_southeastasia_prod-s01-065-apac-southeastasia", "migrationStage":"NotStarted", "server":"akswtt001000014"}}
{"logTime": "0530/164030", "correlationVector":"xjAvHYetpkSCjVs+fBiHC8.2","action":"ProcessGetUpdates", "result":"Done", "context":{"dataType":"Encryption Keys", "deleted":"0", "process_failed_to_decrypt":"0", "process_pending_decryption":"0", "process_success":"1", "total":"1"}}
{"logTime": "0530/164030", "correlationVector":"Nwca9VY7NMBvNLi/ko4A3t","action":"SyncServerConnectionManagerRequest", "result":"SYNC_SERVER_OK", "context":{"environment":"", "migrationStage":"", "server":""}}
{"logTime": "0530/164030", "correlationVector":"Nwca9VY7NMBvNLi/ko4A3t.0","action":"EncryptionKeysFetcher.DownloadKeys:", "result":"Success", "context":Key count: 4, Last key timestamp: 2026-05-16T21:22:22Z}
{"logTime": "0530/164030", "correlationVector":"Nwca9VY7NMBvNLi/ko4A3t.1","action":"EncryptionKeysManager::SetEncryptionKeys:", "result":"Success", "context":Key names[4]:[Zzvkp3wvkNKF9KI6JeQKVz9wBN8BNJlH9SItOg50oKfRootkRbbiyGaNckHd3odFilZ1DmIBFHZ0h2OJFST6bw==][uVExRKPA2/AUlTcRsuKcYgFSOLCZewW6eRJt8rQ69rLd0JNIjJqNFhdo0FKazyvHDWbuMcl9dCNlmFVWOjQVaQ==][JPahwFbFUSjskMNCu7AbG7SPVQIGosVNWPJb6IUa1K08ipO7exFLJS2eNiKqFVU1+wv3CoPjGZjPEtmoHoutyA==][Cc8mobsmEA8RXYGepnTgnatofX0TTNkQnXIXwCcsqoqVXGxc/eUqeDV35kF4sL1r24ajii6MsEhKpCi+/IE2fg==]}
{"logTime": "0530/164030", "correlationVector":"Nwca9VY7NMBvNLi/ko4A3t.2","action":"EncryptionKeysManager::SetEncryptionKeysWithTimestamps:", "result":"Success", "context":Key timestamps[4]:[2024-11-17T12:17:09Z][2025-07-05T16:21:46Z][2026-01-05T06:18:07Z][2026-05-16T21:22:22Z]}
{"logTime": "0530/164030", "correlationVector":"xjAvHYetpkSCjVs+fBiHC8","action":"Initial GetUpdates", "result":"", "context":Reason: NEW_CLIENT. cV=xjAvHYetpkSCjVs+fBiHC8}
{"logTime": "0530/164030", "correlationVector":"xjAvHYetpkSCjVs+fBiHC8.3","action":"GetUpdates Response", "result":"Success", "context":Received 1 update(s). cV=xjAvHYetpkSCjVs+fBiHC8.0;server=akswtt001000014;cloudType=Consumer;environment=Prod_southeastasia_prod-s01-065-apac-southeastasia;migrationStage=NotStarted}
{"logTime": "0530/164030", "correlationVector":"Q5rYx3rftQimUOgJSCTNfr","action":"Initial GetUpdates", "result":"", "context":Reason: NEWLY_SUPPORTED_DATATYPE. cV=Q5rYx3rftQimUOgJSCTNfr}
{"logTime": "0530/164031", "correlationVector":"Q5rYx3rftQimUOgJSCTNfr.1","action":"SyncServerConnectionManagerRequest", "result":"SYNC_SERVER_OK", "context":{"environment":"Prod_southeastasia_prod-s01-065-apac-southeastasia", "migrationStage":"NotStarted", "server":"akswtt00100000q"}}
{"logTime": "0530/164031", "correlationVector":"Q5rYx3rftQimUOgJSCTNfr.2","action":"ProcessGetUpdates", "result":"Done", "context":{"dataType":"Passwords", "deleted":"0", "process_failed_to_decrypt":"0", "process_pending_decryption":"0", "process_success":"1", "total":"1"}}
{"logTime": "0530/164031", "correlationVector":"Q5rYx3rftQimUOgJSCTNfr.3","action":"GetUpdates Response", "result":"Success", "context":Received 1 update(s). cV=Q5rYx3rftQimUOgJSCTNfr.0;server=akswtt00100000q;cloudType=Consumer;environment=Prod_southeastasia_prod-s01-065-apac-southeastasia;migrationStage=NotStarted}
{"logTime": "0530/164031", "correlationVector":"eCcDewigvFyvUz2JGuTRB6","action":"Normal GetUpdate request", "result":"", "context":cV=eCcDewigvFyvUz2JGuTRB6
Nudged types: Sessions, Device Info, History
Refresh requested types: Bookmarks, Preferences, Passwords, Autofill Profiles, Autofill, Extensions, Sessions, Extension settings, History Delete Directives, Device Info, User Consents, Send Tab To Self, Web Apps, History, Saved Tab Group, WebAuthn Credentials, Collection, Edge E Drop, Edge Hub App Usage, Edge Wallet, Edge Workspace, Encryption Keys}
{"logTime": "0530/164031", "correlationVector":"eCcDewigvFyvUz2JGuTRB6.1","action":"SyncServerConnectionManagerRequest", "result":"SYNC_SERVER_OK", "context":{"environment":"Prod_southeastasia_prod-s01-065-apac-southeastasia", "migrationStage":"NotStarted", "server":"akswtt001000006"}}
{"logTime": "0530/164031", "correlationVector":"eCcDewigvFyvUz2JGuTRB6.2","action":"ProcessGetUpdates", "result":"Done", "context":{"dataType":"Sessions", "deleted":"1", "process_failed_to_decrypt":"0", "process_pending_decryption":"0", "process_success":"3", "total":"3"}}
{"logTime": "0530/164031", "correlationVector":"eCcDewigvFyvUz2JGuTRB6.3","action":"ProcessGetUpdates", "result":"Done", "context":{"dataType":"Device Info", "deleted":"0", "process_failed_to_decrypt":"0", "process_pending_decryption":"0", "process_success":"1", "total":"1"}}
{"logTime": "0530/164031", "correlationVector":"eCcDewigvFyvUz2JGuTRB6.4","action":"ProcessGetUpdates", "result":"Done", "context":{"dataType":"History", "deleted":"0", "process_failed_to_decrypt":"0", "process_pending_decryption":"0", "process_success":"3", "total":"3"}}
{"logTime": "0530/164031", "correlationVector":"eCcDewigvFyvUz2JGuTRB6.5","action":"GetUpdates Response", "result":"Success", "context":Received 7 update(s). cV=eCcDewigvFyvUz2JGuTRB6.0;server=akswtt001000006;cloudType=Consumer;environment=Prod_southeastasia_prod-s01-065-apac-southeastasia;migrationStage=NotStarted}
{"logTime": "0530/164031", "correlationVector":"EWsuVLfKBujbKtTdVo6cm3","action":"Commit Request", "result":"", "context":Item count: 1
Contributing types: History}
{"logTime": "0530/164032", "correlationVector":"EWsuVLfKBujbKtTdVo6cm3.1","action":"SyncServerConnectionManagerRequest", "result":"SYNC_SERVER_OK", "context":{"environment":"Prod_southeastasia_prod-s01-065-apac-southeastasia", "migrationStage":"NotStarted", "server":"akswtt00100001s"}}
{"logTime": "0530/164032", "correlationVector":"EWsuVLfKBujbKtTdVo6cm3.2","action":"Commit Response", "result":"Success", "context":Result: Success. cV=EWsuVLfKBujbKtTdVo6cm3.0;server=akswtt00100001s;cloudType=Consumer;environment=Prod_southeastasia_prod-s01-065-apac-southeastasia;migrationStage=NotStarted}
{"logTime": "0530/164132", "correlationVector":"FUJqLxkf5BgAOchR1hLwlX","action":"Commit Request", "result":"", "context":Item count: 3
Contributing types: Sessions, History}
{"logTime": "0530/164133", "correlationVector":"FUJqLxkf5BgAOchR1hLwlX.1","action":"SyncServerConnectionManagerRequest", "result":"SYNC_SERVER_OK", "context":{"environment":"Prod_southeastasia_prod-s01-065-apac-southeastasia", "migrationStage":"NotStarted", "server":"akswtt00100000y"}}
{"logTime": "0530/164133", "correlationVector":"FUJqLxkf5BgAOchR1hLwlX.2","action":"Commit Response", "result":"Success", "context":Result: Success. cV=FUJqLxkf5BgAOchR1hLwlX.0;server=akswtt00100000y;cloudType=Consumer;environment=Prod_southeastasia_prod-s01-065-apac-southeastasia;migrationStage=NotStarted}
{"logTime": "0530/164700", "correlationVector":"6QjqCdJQQpF30kX85kvZO4","action":"Commit Request", "result":"", "context":Item count: 1
Contributing types: Device Info}
{"logTime": "0530/164701", "correlationVector":"6QjqCdJQQpF30kX85kvZO4.1","action":"SyncServerConnectionManagerRequest", "result":"SYNC_SERVER_OK", "context":{"environment":"Prod_southeastasia_prod-s01-065-apac-southeastasia", "migrationStage":"NotStarted", "server":"akswtt001000016"}}
{"logTime": "0530/164701", "correlationVector":"6QjqCdJQQpF30kX85kvZO4.2","action":"Commit Response", "result":"Success", "context":Result: Success. cV=6QjqCdJQQpF30kX85kvZO4.0;server=akswtt001000016;cloudType=Consumer;environment=Prod_southeastasia_prod-s01-065-apac-southeastasia;migrationStage=NotStarted}
{"logTime": "0530/164713", "correlationVector":"vPqYU/S8sXqT+7HulfEXcz","action":"Commit Request", "result":"", "context":Item count: 4
Contributing types: Sessions, Device Info, History}
{"logTime": "0530/164714", "correlationVector":"vPqYU/S8sXqT+7HulfEXcz.1","action":"SyncServerConnectionManagerRequest", "result":"SYNC_SERVER_OK", "context":{"environment":"Prod_southeastasia_prod-s01-065-apac-southeastasia", "migrationStage":"NotStarted", "server":"akswtt001000016"}}
{"logTime": "0530/164714", "correlationVector":"vPqYU/S8sXqT+7HulfEXcz.2","action":"Commit Response", "result":"Success", "context":Result: Success. cV=vPqYU/S8sXqT+7HulfEXcz.0;server=akswtt001000016;cloudType=Consumer;environment=Prod_southeastasia_prod-s01-065-apac-southeastasia;migrationStage=NotStarted}
{"logTime": "0530/164716", "correlationVector":"z0aJnlsm/0tCsj+w6/eg2T","action":"Commit Request", "result":"", "context":Item count: 1
Contributing types: Preferences}
{"logTime": "0530/164717", "correlationVector":"z0aJnlsm/0tCsj+w6/eg2T.1","action":"SyncServerConnectionManagerRequest", "result":"SYNC_SERVER_OK", "context":{"environment":"Prod_southeastasia_prod-s01-065-apac-southeastasia", "migrationStage":"NotStarted", "server":"akswtt00100001g"}}
{"logTime": "0530/164717", "correlationVector":"z0aJnlsm/0tCsj+w6/eg2T.2","action":"Commit Response", "result":"Success", "context":Result: Success. cV=z0aJnlsm/0tCsj+w6/eg2T.0;server=akswtt00100001g;cloudType=Consumer;environment=Prod_southeastasia_prod-s01-065-apac-southeastasia;migrationStage=NotStarted}
{"logTime": "0530/164818", "correlationVector":"L2NvHWeLNWaWnLX7xYMWMs","action":"Commit Request", "result":"", "context":Item count: 6
Contributing types: Sessions, History}
{"logTime": "0530/164819", "correlationVector":"L2NvHWeLNWaWnLX7xYMWMs.1","action":"SyncServerConnectionManagerRequest", "result":"SYNC_SERVER_OK", "context":{"environment":"Prod_southeastasia_prod-s01-065-apac-southeastasia", "migrationStage":"NotStarted", "server":"akswtt001000014"}}
{"logTime": "0530/164819", "correlationVector":"L2NvHWeLNWaWnLX7xYMWMs.2","action":"Commit Response", "result":"Success", "context":Result: Success. cV=L2NvHWeLNWaWnLX7xYMWMs.0;server=akswtt001000014;cloudType=Consumer;environment=Prod_southeastasia_prod-s01-065-apac-southeastasia;migrationStage=NotStarted}
{"logTime": "0530/165240", "correlationVector":"+z9XHl15o7rk7UOzdxTqG4","action":"Commit Request", "result":"", "context":Item count: 4
Contributing types: Sessions, History}
{"logTime": "0530/165240", "correlationVector":"+z9XHl15o7rk7UOzdxTqG4.1","action":"SyncServerConnectionManagerRequest", "result":"SYNC_SERVER_OK", "context":{"environment":"Prod_southeastasia_prod-s01-064-apac-southeastasia", "migrationStage":"NotStarted", "server":"akswtt001000016"}}
{"logTime": "0530/165240", "correlationVector":"+z9XHl15o7rk7UOzdxTqG4.2","action":"Commit Response", "result":"Success", "context":Result: Success. cV=+z9XHl15o7rk7UOzdxTqG4.0;server=akswtt001000016;cloudType=Consumer;environment=Prod_southeastasia_prod-s01-064-apac-southeastasia;migrationStage=NotStarted}
