2026-05-29 08:59:35.153: [INFO][Sync] Reset engine, reason: 8
2026-05-29 08:59:35.153: [INFO][Sync] Stopped: Bookmarks
2026-05-29 08:59:35.153: [INFO][Sync] Stopped: Preferences
2026-05-29 08:59:35.153: [INFO][Sync] Stopped: Passwords
2026-05-29 08:59:35.153: [INFO][Sync] Stopped: Autofill Profiles
2026-05-29 08:59:35.153: [INFO][Sync] Stopped: Autofill
2026-05-29 08:59:35.153: [INFO][Sync] Stopped: Extensions
2026-05-29 08:59:35.153: [INFO][Sync] Stopped: Sessions
2026-05-29 08:59:35.153: [INFO][Sync] Stopped: Extension settings
2026-05-29 08:59:35.153: [INFO][Sync] Stopped: History Delete Directives
2026-05-29 08:59:35.153: [INFO][Sync] Stopped: Device Info
2026-05-29 08:59:35.153: [INFO][Sync] Stopped: User Consents
2026-05-29 08:59:35.153: [INFO][Sync] Stopped: Send Tab To Self
2026-05-29 08:59:35.153: [INFO][Sync] Stopped: Web Apps
2026-05-29 08:59:35.153: [INFO][Sync] Stopped: History
2026-05-29 08:59:35.153: [INFO][Sync] Stopped: Saved Tab Group
2026-05-29 08:59:35.153: [INFO][Sync] Stopped: WebAuthn Credentials
2026-05-29 08:59:35.153: [INFO][Sync] Stopped: Collection
2026-05-29 08:59:35.153: [INFO][Sync] Stopped: Edge E Drop
2026-05-29 08:59:35.153: [INFO][Sync] Stopped: Edge Hub App Usage
2026-05-29 08:59:35.153: [INFO][Sync] Stopped: Edge Journey
2026-05-29 08:59:35.153: [INFO][Sync] Stopped: Edge Wallet
2026-05-29 08:59:35.153: [INFO][Sync] Stopped: Edge Workspace
2026-05-29 08:59:35.153: [INFO][Sync] SyncState after authenticated was: NotSignedIn
2026-05-29 08:59:35.879: [INFO][Sync] Reset engine, reason: 8
2026-05-29 08:59:35.879: [INFO][Sync] Stopped: Bookmarks
2026-05-29 08:59:35.879: [INFO][Sync] Stopped: Preferences
2026-05-29 08:59:35.879: [INFO][Sync] Stopped: Passwords
2026-05-29 08:59:35.879: [INFO][Sync] Stopped: Autofill Profiles
2026-05-29 08:59:35.879: [INFO][Sync] Stopped: Autofill
2026-05-29 08:59:35.879: [INFO][Sync] Stopped: Extensions
2026-05-29 08:59:35.879: [INFO][Sync] Stopped: Sessions
2026-05-29 08:59:35.879: [INFO][Sync] Stopped: Extension settings
2026-05-29 08:59:35.879: [INFO][Sync] Stopped: History Delete Directives
2026-05-29 08:59:35.879: [INFO][Sync] Stopped: Device Info
2026-05-29 08:59:35.879: [INFO][Sync] Stopped: User Consents
2026-05-29 08:59:35.879: [INFO][Sync] Stopped: Send Tab To Self
2026-05-29 08:59:35.879: [INFO][Sync] Stopped: Web Apps
2026-05-29 08:59:35.879: [INFO][Sync] Stopped: History
2026-05-29 08:59:35.879: [INFO][Sync] Stopped: Saved Tab Group
2026-05-29 08:59:35.879: [INFO][Sync] Stopped: WebAuthn Credentials
2026-05-29 08:59:35.879: [INFO][Sync] Stopped: Collection
2026-05-29 08:59:35.879: [INFO][Sync] Stopped: Edge E Drop
2026-05-29 08:59:35.879: [INFO][Sync] Stopped: Edge Hub App Usage
2026-05-29 08:59:35.879: [INFO][Sync] Stopped: Edge Journey
2026-05-29 08:59:35.879: [INFO][Sync] Stopped: Edge Wallet
2026-05-29 08:59:35.879: [INFO][Sync] Stopped: Edge Workspace
2026-05-29 08:59:39.781: [INFO][Sync] Try to start sync engine
2026-05-29 08:59:40.406: [INFO][SyncManagerImpl::NudgeForInitialDownload] Initial download nudge for Encryption Keys
2026-05-29 08:59:40.406: [INFO][SyncEngineBackend::LoadAndConnectNigoriController] Load and connect Nigori controller
2026-05-29 08:59:40.406: [INFO][SyncEngineBackend::DoInitialize] Control Types added: Encryption Keys
2026-05-29 08:59:40.406: [INFO][SyncManagerImpl::ConfigureSyncer] Types to download: Encryption Keys with reason: 3
2026-05-29 08:59:40.446: [INFO][SyncSchedulerImpl::DoConfigurationSyncCycleJob] Configure job was blocked
2026-05-29 08:59:41.992: [INFO][SyncAuthManager::SetLastAuthError] Current auth error: None
2026-05-29 08:59:41.992: [INFO][SyncAuthManager::EdgeLogTokenErrorState] Token error with: None for account type: MSA
2026-05-29 08:59:41.992: [INFO][Sync] Credentials changed for: EdgeSyncKeyDataScope
2026-05-29 08:59:41.992: [INFO][SyncEngineBackend::DoUpdateKeyDataCredentials] Update key data credentials
2026-05-29 08:59:42.484: [INFO][SyncAuthManager::SetLastAuthError] Current auth error: None
2026-05-29 08:59:42.484: [INFO][SyncAuthManager::EdgeLogTokenErrorState] Token error with: None for account type: MSA
2026-05-29 08:59:42.484: [INFO][Sync] Credentials changed for: EdgeSyncScopeNew
2026-05-29 08:59:42.581: [INFO][SyncEngineBackend::DoUpdateCredentials] Update credentials
2026-05-29 08:59:42.581: [INFO][SyncEngineBackend::DoUpdateKeyDataCredentials] Update key data credentials
2026-05-29 08:59:42.581: [INFO][SyncSchedulerImpl::DoConfigurationSyncCycleJob] Blocked types:  and types to download: Encryption Keys
2026-05-29 08:59:43.754: [INFO][Sync] Started DataTypeManager configuration, reason: 4
2026-05-29 08:59:43.755: [INFO][Sync] Configuring for: Bookmarks, Preferences, Passwords, Autofill Profiles, Autofill, Extensions, Sessions, Extension settings, History Delete Directives, Device Info, User Consents, Send Tab To Self, Web Apps, History, Saved Tab Group, WebAuthn Credentials, Collection, Edge E Drop, Edge Hub App Usage, Edge Wallet, Edge Workspace, Encryption Keys, reason: 3, current state: 0
2026-05-29 08:59:43.755: [WARN][Sync] Crypto error data types: Passwords, Autofill Profiles, Autofill
2026-05-29 08:59:43.760: [INFO][Sync] Configure, desired: Bookmarks, Preferences, Extensions, Sessions, Extension settings, History Delete Directives, Device Info, User Consents, Send Tab To Self, Web Apps, History, Saved Tab Group, WebAuthn Credentials, Collection, Edge E Drop, Edge Hub App Usage, Edge Wallet, Edge Workspace, Encryption Keys; Allow fail: Passwords, Autofill Profiles, Autofill
2026-05-29 08:59:43.760: [INFO][Sync] Loading: Bookmarks
2026-05-29 08:59:43.760: [INFO][Sync] Loading: Preferences
2026-05-29 08:59:43.760: [INFO][Sync] Loading: Extensions
2026-05-29 08:59:43.760: [INFO][Sync] Loading: Sessions
2026-05-29 08:59:43.760: [INFO][Sync] Loading: Extension settings
2026-05-29 08:59:43.760: [INFO][Sync] Loading: History Delete Directives
2026-05-29 08:59:43.760: [INFO][Sync] Loading: Device Info
2026-05-29 08:59:43.760: [INFO][Sync] Loading: User Consents
2026-05-29 08:59:43.760: [INFO][Sync] Loading: Send Tab To Self
2026-05-29 08:59:43.760: [INFO][Sync] Loading: Web Apps
2026-05-29 08:59:43.760: [INFO][Sync] Loading: History
2026-05-29 08:59:43.760: [INFO][Sync] Loading: Saved Tab Group
2026-05-29 08:59:43.760: [INFO][Sync] Loading: WebAuthn Credentials
2026-05-29 08:59:43.760: [INFO][Sync] Loading: Collection
2026-05-29 08:59:43.760: [INFO][Sync] Loading: Edge E Drop
2026-05-29 08:59:43.760: [INFO][Sync] Loading: Edge Hub App Usage
2026-05-29 08:59:43.760: [INFO][Sync] Loading: Edge Wallet
2026-05-29 08:59:43.760: [INFO][Sync] Loading: Edge Workspace
2026-05-29 08:59:43.779: [INFO][Sync] All data types are ready for configure.
2026-05-29 08:59:44.455: [INFO][Sync] Started DataTypeManager configuration, reason: 5
2026-05-29 08:59:44.455: [INFO][Sync] Configuring for: Bookmarks, Preferences, Passwords, Autofill Profiles, Autofill, Extensions, Sessions, Extension settings, History Delete Directives, Device Info, User Consents, Send Tab To Self, Web Apps, History, Saved Tab Group, WebAuthn Credentials, Collection, Edge E Drop, Edge Hub App Usage, Edge Wallet, Edge Workspace, Encryption Keys, reason: 5, current state: 1
2026-05-29 08:59:44.466: [INFO][SyncEngineBackend::DoStartConfiguration] Start configuration
2026-05-29 08:59:44.466: [INFO][SyncManagerImpl::NudgeForInitialDownload] Initial download nudge for Bookmarks
2026-05-29 08:59:44.466: [INFO][SyncManagerImpl::NudgeForInitialDownload] Initial download nudge for Preferences
2026-05-29 08:59:44.466: [INFO][SyncManagerImpl::NudgeForInitialDownload] Initial download nudge for Extensions
2026-05-29 08:59:44.466: [INFO][SyncManagerImpl::NudgeForInitialDownload] Initial download nudge for Sessions
2026-05-29 08:59:44.466: [INFO][SyncManagerImpl::NudgeForInitialDownload] Initial download nudge for Extension settings
2026-05-29 08:59:44.466: [INFO][SyncManagerImpl::NudgeForInitialDownload] Initial download nudge for History Delete Directives
2026-05-29 08:59:44.466: [INFO][SyncManagerImpl::NudgeForInitialDownload] Initial download nudge for Device Info
2026-05-29 08:59:44.466: [INFO][SyncManagerImpl::NudgeForInitialDownload] Initial download nudge for Send Tab To Self
2026-05-29 08:59:44.466: [INFO][SyncManagerImpl::NudgeForInitialDownload] Initial download nudge for Web Apps
2026-05-29 08:59:44.466: [INFO][SyncManagerImpl::NudgeForInitialDownload] Initial download nudge for History
2026-05-29 08:59:44.466: [INFO][SyncManagerImpl::NudgeForInitialDownload] Initial download nudge for Saved Tab Group
2026-05-29 08:59:44.466: [INFO][SyncManagerImpl::NudgeForInitialDownload] Initial download nudge for WebAuthn Credentials
2026-05-29 08:59:44.466: [INFO][SyncManagerImpl::NudgeForInitialDownload] Initial download nudge for Collection
2026-05-29 08:59:44.466: [INFO][SyncManagerImpl::NudgeForInitialDownload] Initial download nudge for Edge E Drop
2026-05-29 08:59:44.467: [INFO][SyncManagerImpl::NudgeForInitialDownload] Initial download nudge for Edge Hub App Usage
2026-05-29 08:59:44.467: [INFO][SyncManagerImpl::NudgeForInitialDownload] Initial download nudge for Edge Wallet
2026-05-29 08:59:44.467: [INFO][SyncManagerImpl::NudgeForInitialDownload] Initial download nudge for Edge Workspace
2026-05-29 08:59:44.467: [INFO][SyncManagerImpl::ConfigureSyncer] Types to download:  with reason: 3
2026-05-29 08:59:44.467: [INFO][SyncEngineBackend::DoFinishConfigureDataTypes] Failed to download types:  and succeeded types: 
2026-05-29 08:59:44.476: [INFO][Sync] ConfigurationDone, failed: , succeeded: , remaining count: 4
2026-05-29 08:59:44.476: [WARN][Sync]     Reconfigure requested while configuration ongoing.
2026-05-29 08:59:44.476: [INFO][Sync] Configuring for: Bookmarks, Preferences, Passwords, Autofill Profiles, Autofill, Extensions, Sessions, Extension settings, History Delete Directives, Device Info, User Consents, Send Tab To Self, Web Apps, History, Saved Tab Group, WebAuthn Credentials, Collection, Edge E Drop, Edge Hub App Usage, Edge Wallet, Edge Workspace, Encryption Keys, reason: 5, current state: 2
2026-05-29 08:59:44.476: [INFO][Sync] Configure, desired: Bookmarks, Preferences, Passwords, Autofill Profiles, Autofill, Extensions, Sessions, Extension settings, History Delete Directives, Device Info, User Consents, Send Tab To Self, Web Apps, History, Saved Tab Group, WebAuthn Credentials, Collection, Edge E Drop, Edge Hub App Usage, Edge Wallet, Edge Workspace, Encryption Keys; Allow fail: 
2026-05-29 08:59:44.476: [INFO][Sync] Loading: Passwords
2026-05-29 08:59:44.476: [INFO][Sync] Loading: Autofill Profiles
2026-05-29 08:59:44.476: [INFO][Sync] Loading: Autofill
2026-05-29 08:59:44.476: [INFO][Sync] All data types are ready for configure.
2026-05-29 08:59:44.476: [INFO][SyncManagerImpl::NudgeForInitialDownload] Initial download nudge for Passwords
2026-05-29 08:59:44.476: [INFO][SyncManagerImpl::NudgeForInitialDownload] Initial download nudge for Autofill Profiles
2026-05-29 08:59:44.476: [INFO][SyncManagerImpl::NudgeForInitialDownload] Initial download nudge for Autofill
2026-05-29 08:59:44.476: [INFO][SyncManagerImpl::ConfigureSyncer] Types to download:  with reason: 5
2026-05-29 08:59:44.476: [INFO][SyncEngineBackend::DoFinishConfigureDataTypes] Failed to download types:  and succeeded types: 
2026-05-29 08:59:44.477: [INFO][Sync] ConfigurationDone, failed: , succeeded: , remaining count: 4
2026-05-29 08:59:44.477: [INFO][Sync] Prepare to configure types: Preferences, Passwords, Device Info, Send Tab To Self, Edge E Drop, Encryption Keys
2026-05-29 08:59:44.477: [INFO][SyncManagerImpl::ConfigureSyncer] Types to download: Preferences, Passwords, Device Info, Send Tab To Self, Edge E Drop, Encryption Keys with reason: 5
2026-05-29 08:59:44.477: [INFO][SyncSchedulerImpl::DoConfigurationSyncCycleJob] Blocked types:  and types to download: Preferences, Passwords, Device Info, Send Tab To Self, Edge E Drop, Encryption Keys
2026-05-29 08:59:45.000: [INFO][SyncEngineBackend::DoFinishConfigureDataTypes] Failed to download types:  and succeeded types: Preferences, Passwords, Device Info, Send Tab To Self, Edge E Drop, Encryption Keys
2026-05-29 08:59:45.005: [INFO][Sync] ConfigurationDone, failed: , succeeded: Preferences, Passwords, Device Info, Send Tab To Self, Edge E Drop, Encryption Keys, remaining count: 3
2026-05-29 08:59:45.005: [INFO][Sync] Prepare to configure types: Bookmarks, Encryption Keys
2026-05-29 08:59:45.006: [INFO][SyncManagerImpl::ConfigureSyncer] Types to download: Bookmarks, Encryption Keys with reason: 5
2026-05-29 08:59:45.006: [INFO][SyncSchedulerImpl::DoConfigurationSyncCycleJob] Blocked types:  and types to download: Bookmarks, Encryption Keys
2026-05-29 08:59:45.371: [INFO][SyncEngineBackend::DoFinishConfigureDataTypes] Failed to download types:  and succeeded types: Bookmarks, Encryption Keys
2026-05-29 08:59:45.375: [INFO][Sync] ConfigurationDone, failed: , succeeded: Bookmarks, Encryption Keys, remaining count: 2
2026-05-29 08:59:45.375: [INFO][Sync] Prepare to configure types: Autofill Profiles, Autofill, Extensions, Sessions, Extension settings, History Delete Directives, Web Apps, Saved Tab Group, WebAuthn Credentials, Collection, Edge Hub App Usage, Edge Wallet, Edge Workspace, Encryption Keys
2026-05-29 08:59:45.375: [INFO][SyncManagerImpl::ConfigureSyncer] Types to download: Autofill Profiles, Autofill, Extensions, Sessions, Extension settings, History Delete Directives, Web Apps, Saved Tab Group, WebAuthn Credentials, Collection, Edge Hub App Usage, Edge Wallet, Edge Workspace, Encryption Keys with reason: 5
2026-05-29 08:59:45.375: [INFO][SyncSchedulerImpl::DoConfigurationSyncCycleJob] Blocked types:  and types to download: Autofill Profiles, Autofill, Extensions, Sessions, Extension settings, History Delete Directives, Web Apps, Saved Tab Group, WebAuthn Credentials, Collection, Edge Hub App Usage, Edge Wallet, Edge Workspace, Encryption Keys
2026-05-29 08:59:46.298: [INFO][SyncEngineBackend::DoFinishConfigureDataTypes] Failed to download types:  and succeeded types: Autofill Profiles, Autofill, Extensions, Sessions, Extension settings, History Delete Directives, Web Apps, Saved Tab Group, WebAuthn Credentials, Collection, Edge Hub App Usage, Edge Wallet, Edge Workspace, Encryption Keys
2026-05-29 08:59:46.306: [INFO][Sync] ConfigurationDone, failed: , succeeded: Autofill Profiles, Autofill, Extensions, Sessions, Extension settings, History Delete Directives, Web Apps, Saved Tab Group, WebAuthn Credentials, Collection, Edge Hub App Usage, Edge Wallet, Edge Workspace, Encryption Keys, remaining count: 1
2026-05-29 08:59:46.312: [INFO][Sync] Prepare to configure types: History, Encryption Keys
2026-05-29 08:59:46.312: [INFO][SyncManagerImpl::ConfigureSyncer] Types to download: History, Encryption Keys with reason: 5
2026-05-29 08:59:46.312: [INFO][SyncSchedulerImpl::DoConfigurationSyncCycleJob] Blocked types:  and types to download: History, Encryption Keys
2026-05-29 08:59:47.144: [INFO][SyncEngineBackend::DoFinishConfigureDataTypes] Failed to download types:  and succeeded types: History, Encryption Keys
2026-05-29 08:59:47.149: [INFO][Sync] ConfigurationDone, failed: , succeeded: History, Encryption Keys, remaining count: 0
2026-05-29 08:59:47.157: [INFO][Sync]     Configuration completed, state: 7
2026-05-29 08:59:47.159: [INFO][Sync] Configured DataTypeManager: Ok
2026-05-29 08:59:47.171: [INFO][SyncEngineBackend::DoStartSyncing] Start syncing
2026-05-29 09:01:12.506: [INFO][Sync] Reset engine, reason: 0
2026-05-29 09:01:12.506: [INFO][Sync] Reset engine with reason: 0
2026-05-30 14:20:28.853: [INFO][Sync] SyncState after authenticated was: FeatureCanStart
2026-05-30 14:20:31.112: [INFO][SyncAuthManager::SetLastAuthError] Current auth error: None
2026-05-30 14:20:31.112: [INFO][SyncAuthManager::EdgeLogTokenErrorState] Token error with: None for account type: MSA
2026-05-30 14:20:31.113: [INFO][Sync] Credentials changed for: EdgeSyncKeyDataScope
2026-05-30 14:20:39.133: [INFO][Sync] Try to start sync engine
2026-05-30 14:20:39.153: [INFO][SyncAuthManager::SetLastAuthError] Current auth error: None
2026-05-30 14:20:39.153: [INFO][SyncAuthManager::EdgeLogTokenErrorState] Token error with: None for account type: MSA
2026-05-30 14:20:39.153: [INFO][Sync] Credentials changed for: EdgeSyncScopeNew
2026-05-30 14:20:39.156: [INFO][SyncManagerImpl::NudgeForInitialDownload] Initial download nudge for Encryption Keys
2026-05-30 14:20:39.156: [INFO][SyncEngineBackend::LoadAndConnectNigoriController] Load and connect Nigori controller
2026-05-30 14:20:39.156: [INFO][SyncEngineBackend::DoInitialize] Control Types added: Encryption Keys
2026-05-30 14:20:39.156: [INFO][SyncManagerImpl::ConfigureSyncer] Types to download: Encryption Keys with reason: 3
2026-05-30 14:20:39.157: [INFO][SyncEngineBackend::DoUpdateKeyDataCredentials] Update key data credentials
2026-05-30 14:20:39.158: [INFO][SyncEngineBackend::DoUpdateCredentials] Update credentials
2026-05-30 14:20:39.158: [INFO][SyncEngineBackend::DoUpdateKeyDataCredentials] Update key data credentials
2026-05-30 14:20:39.158: [INFO][SyncSchedulerImpl::DoConfigurationSyncCycleJob] Blocked types:  and types to download: Encryption Keys
2026-05-30 14:20:40.193: [INFO][Sync] Started DataTypeManager configuration, reason: 4
2026-05-30 14:20:40.194: [INFO][Sync] Configuring for: Bookmarks, Preferences, Passwords, Autofill Profiles, Autofill, Extensions, Sessions, Extension settings, History Delete Directives, Device Info, User Consents, Send Tab To Self, Web Apps, History, Saved Tab Group, WebAuthn Credentials, Collection, Edge E Drop, Edge Hub App Usage, Edge Wallet, Edge Workspace, Encryption Keys, reason: 4, current state: 0
2026-05-30 14:20:40.195: [WARN][Sync] Crypto error data types: Passwords, Autofill Profiles, Autofill
2026-05-30 14:20:40.203: [INFO][Sync] Configure, desired: Bookmarks, Preferences, Extensions, Sessions, Extension settings, History Delete Directives, Device Info, User Consents, Send Tab To Self, Web Apps, History, Saved Tab Group, WebAuthn Credentials, Collection, Edge E Drop, Edge Hub App Usage, Edge Wallet, Edge Workspace, Encryption Keys; Allow fail: Passwords, Autofill Profiles, Autofill
2026-05-30 14:20:40.204: [INFO][Sync] Loading: Bookmarks
2026-05-30 14:20:40.205: [INFO][Sync] Loading: Preferences
2026-05-30 14:20:40.205: [INFO][Sync] Loading: Extensions
2026-05-30 14:20:40.206: [INFO][Sync] Loading: Sessions
2026-05-30 14:20:40.206: [INFO][Sync] Loading: Extension settings
2026-05-30 14:20:40.206: [INFO][Sync] Loading: History Delete Directives
2026-05-30 14:20:40.207: [INFO][Sync] Loading: Device Info
2026-05-30 14:20:40.207: [INFO][Sync] Loading: User Consents
2026-05-30 14:20:40.207: [INFO][Sync] Loading: Send Tab To Self
2026-05-30 14:20:40.207: [INFO][Sync] Loading: Web Apps
2026-05-30 14:20:40.207: [INFO][Sync] Loading: History
2026-05-30 14:20:40.207: [INFO][Sync] Loading: Saved Tab Group
2026-05-30 14:20:40.207: [INFO][Sync] Loading: WebAuthn Credentials
2026-05-30 14:20:40.207: [INFO][Sync] Loading: Collection
2026-05-30 14:20:40.207: [INFO][Sync] Loading: Edge E Drop
2026-05-30 14:20:40.207: [INFO][Sync] Loading: Edge Hub App Usage
2026-05-30 14:20:40.207: [INFO][Sync] Loading: Edge Wallet
2026-05-30 14:20:40.207: [INFO][Sync] Loading: Edge Workspace
2026-05-30 14:20:40.246: [INFO][Sync] All data types are ready for configure.
2026-05-30 14:20:40.952: [INFO][Sync] Started DataTypeManager configuration, reason: 5
2026-05-30 14:20:40.952: [INFO][Sync] Configuring for: Bookmarks, Preferences, Passwords, Autofill Profiles, Autofill, Extensions, Sessions, Extension settings, History Delete Directives, Device Info, User Consents, Send Tab To Self, Web Apps, History, Saved Tab Group, WebAuthn Credentials, Collection, Edge E Drop, Edge Hub App Usage, Edge Wallet, Edge Workspace, Encryption Keys, reason: 5, current state: 1
2026-05-30 14:20:40.959: [INFO][SyncEngineBackend::DoStartConfiguration] Start configuration
2026-05-30 14:20:40.960: [INFO][SyncManagerImpl::ConfigureSyncer] Types to download:  with reason: 4
2026-05-30 14:20:40.960: [INFO][SyncEngineBackend::DoFinishConfigureDataTypes] Failed to download types:  and succeeded types: 
2026-05-30 14:20:40.964: [INFO][Sync] ConfigurationDone, failed: , succeeded: , remaining count: 4
2026-05-30 14:20:40.964: [WARN][Sync]     Reconfigure requested while configuration ongoing.
2026-05-30 14:20:40.964: [INFO][Sync] Configuring for: Bookmarks, Preferences, Passwords, Autofill Profiles, Autofill, Extensions, Sessions, Extension settings, History Delete Directives, Device Info, User Consents, Send Tab To Self, Web Apps, History, Saved Tab Group, WebAuthn Credentials, Collection, Edge E Drop, Edge Hub App Usage, Edge Wallet, Edge Workspace, Encryption Keys, reason: 5, current state: 2
2026-05-30 14:20:40.964: [INFO][Sync] Configure, desired: Bookmarks, Preferences, Passwords, Autofill Profiles, Autofill, Extensions, Sessions, Extension settings, History Delete Directives, Device Info, User Consents, Send Tab To Self, Web Apps, History, Saved Tab Group, WebAuthn Credentials, Collection, Edge E Drop, Edge Hub App Usage, Edge Wallet, Edge Workspace, Encryption Keys; Allow fail: 
2026-05-30 14:20:40.964: [INFO][Sync] Loading: Passwords
2026-05-30 14:20:40.964: [INFO][Sync] Loading: Autofill Profiles
2026-05-30 14:20:40.964: [INFO][Sync] Loading: Autofill
2026-05-30 14:20:40.964: [INFO][Sync] All data types are ready for configure.
2026-05-30 14:20:40.965: [INFO][SyncManagerImpl::NudgeForInitialDownload] Initial download nudge for Passwords
2026-05-30 14:20:40.965: [INFO][SyncManagerImpl::ConfigureSyncer] Types to download:  with reason: 5
2026-05-30 14:20:40.965: [INFO][SyncEngineBackend::DoFinishConfigureDataTypes] Failed to download types:  and succeeded types: 
2026-05-30 14:20:40.965: [INFO][Sync] ConfigurationDone, failed: , succeeded: , remaining count: 4
2026-05-30 14:20:40.966: [INFO][Sync] Prepare to configure types: Passwords, Encryption Keys
2026-05-30 14:20:40.966: [INFO][SyncManagerImpl::ConfigureSyncer] Types to download: Passwords, Encryption Keys with reason: 5
2026-05-30 14:20:40.966: [INFO][SyncSchedulerImpl::DoConfigurationSyncCycleJob] Blocked types:  and types to download: Passwords, Encryption Keys
2026-05-30 14:20:41.327: [INFO][SyncEngineBackend::DoFinishConfigureDataTypes] Failed to download types:  and succeeded types: Passwords, Encryption Keys
2026-05-30 14:20:41.331: [INFO][Sync] ConfigurationDone, failed: , succeeded: Passwords, Encryption Keys, remaining count: 3
2026-05-30 14:20:41.331: [INFO][SyncManagerImpl::ConfigureSyncer] Types to download:  with reason: 5
2026-05-30 14:20:41.331: [INFO][SyncEngineBackend::DoFinishConfigureDataTypes] Failed to download types:  and succeeded types: 
2026-05-30 14:20:41.331: [INFO][Sync] ConfigurationDone, failed: , succeeded: , remaining count: 2
2026-05-30 14:20:41.331: [INFO][SyncManagerImpl::ConfigureSyncer] Types to download:  with reason: 5
2026-05-30 14:20:41.331: [INFO][SyncEngineBackend::DoFinishConfigureDataTypes] Failed to download types:  and succeeded types: 
2026-05-30 14:20:41.331: [INFO][Sync] ConfigurationDone, failed: , succeeded: , remaining count: 1
2026-05-30 14:20:41.339: [INFO][SyncManagerImpl::ConfigureSyncer] Types to download:  with reason: 5
2026-05-30 14:20:41.339: [INFO][SyncEngineBackend::DoFinishConfigureDataTypes] Failed to download types:  and succeeded types: 
2026-05-30 14:20:41.339: [INFO][Sync] ConfigurationDone, failed: , succeeded: , remaining count: 0
2026-05-30 14:20:41.344: [INFO][Sync]     Configuration completed, state: 7
2026-05-30 14:20:41.345: [INFO][Sync] Configured DataTypeManager: Ok
2026-05-30 14:20:41.353: [INFO][SyncEngineBackend::DoStartSyncing] Start syncing
2026-05-30 14:33:37.004: [INFO][Sync] Reset engine, reason: 0
2026-05-30 14:33:37.004: [INFO][Sync] Reset engine with reason: 0
2026-05-30 14:34:40.170: [INFO][Sync] Reset engine, reason: 8
2026-05-30 14:34:40.170: [INFO][Sync] Stopped: Bookmarks
2026-05-30 14:34:40.171: [INFO][Sync] Stopped: Preferences
2026-05-30 14:34:40.171: [INFO][Sync] Stopped: Passwords
2026-05-30 14:34:40.171: [INFO][Sync] Stopped: Autofill Profiles
2026-05-30 14:34:40.171: [INFO][Sync] Stopped: Autofill
2026-05-30 14:34:40.171: [INFO][Sync] Stopped: Extensions
2026-05-30 14:34:40.171: [INFO][Sync] Stopped: Sessions
2026-05-30 14:34:40.171: [INFO][Sync] Stopped: Extension settings
2026-05-30 14:34:40.171: [INFO][Sync] Stopped: History Delete Directives
2026-05-30 14:34:40.171: [INFO][Sync] Stopped: Device Info
2026-05-30 14:34:40.171: [INFO][Sync] Stopped: User Consents
2026-05-30 14:34:40.171: [INFO][Sync] Stopped: Send Tab To Self
2026-05-30 14:34:40.171: [INFO][Sync] Stopped: Web Apps
2026-05-30 14:34:40.171: [INFO][Sync] Stopped: History
2026-05-30 14:34:40.171: [INFO][Sync] Stopped: Saved Tab Group
2026-05-30 14:34:40.171: [INFO][Sync] Stopped: WebAuthn Credentials
2026-05-30 14:34:40.171: [INFO][Sync] Stopped: Collection
2026-05-30 14:34:40.171: [INFO][Sync] Stopped: Edge E Drop
2026-05-30 14:34:40.171: [INFO][Sync] Stopped: Edge Hub App Usage
2026-05-30 14:34:40.171: [INFO][Sync] Stopped: Edge Journey
2026-05-30 14:34:40.171: [INFO][Sync] Stopped: Edge Wallet
2026-05-30 14:34:40.171: [INFO][Sync] Stopped: Edge Workspace
2026-05-30 14:34:40.171: [INFO][Sync] SyncState after authenticated was: NotSignedIn
2026-05-30 14:34:40.550: [INFO][Sync] Reset engine, reason: 8
2026-05-30 14:34:40.550: [INFO][Sync] Stopped: Bookmarks
2026-05-30 14:34:40.550: [INFO][Sync] Stopped: Preferences
2026-05-30 14:34:40.550: [INFO][Sync] Stopped: Passwords
2026-05-30 14:34:40.550: [INFO][Sync] Stopped: Autofill Profiles
2026-05-30 14:34:40.550: [INFO][Sync] Stopped: Autofill
2026-05-30 14:34:40.550: [INFO][Sync] Stopped: Extensions
2026-05-30 14:34:40.550: [INFO][Sync] Stopped: Sessions
2026-05-30 14:34:40.550: [INFO][Sync] Stopped: Extension settings
2026-05-30 14:34:40.550: [INFO][Sync] Stopped: History Delete Directives
2026-05-30 14:34:40.550: [INFO][Sync] Stopped: Device Info
2026-05-30 14:34:40.550: [INFO][Sync] Stopped: User Consents
2026-05-30 14:34:40.550: [INFO][Sync] Stopped: Send Tab To Self
2026-05-30 14:34:40.550: [INFO][Sync] Stopped: Web Apps
2026-05-30 14:34:40.550: [INFO][Sync] Stopped: History
2026-05-30 14:34:40.550: [INFO][Sync] Stopped: Saved Tab Group
2026-05-30 14:34:40.550: [INFO][Sync] Stopped: WebAuthn Credentials
2026-05-30 14:34:40.550: [INFO][Sync] Stopped: Collection
2026-05-30 14:34:40.550: [INFO][Sync] Stopped: Edge E Drop
2026-05-30 14:34:40.550: [INFO][Sync] Stopped: Edge Hub App Usage
2026-05-30 14:34:40.550: [INFO][Sync] Stopped: Edge Journey
2026-05-30 14:34:40.550: [INFO][Sync] Stopped: Edge Wallet
2026-05-30 14:34:40.550: [INFO][Sync] Stopped: Edge Workspace
2026-05-30 14:34:45.113: [INFO][Sync] Try to start sync engine
2026-05-30 14:34:45.116: [INFO][SyncManagerImpl::NudgeForInitialDownload] Initial download nudge for Encryption Keys
2026-05-30 14:34:45.116: [INFO][SyncEngineBackend::LoadAndConnectNigoriController] Load and connect Nigori controller
2026-05-30 14:34:45.116: [INFO][SyncEngineBackend::DoInitialize] Control Types added: Encryption Keys
2026-05-30 14:34:45.116: [INFO][SyncManagerImpl::ConfigureSyncer] Types to download: Encryption Keys with reason: 3
2026-05-30 14:34:45.117: [INFO][SyncSchedulerImpl::DoConfigurationSyncCycleJob] Configure job was blocked
2026-05-30 14:34:45.171: [INFO][SyncAuthManager::SetLastAuthError] Current auth error: None
2026-05-30 14:34:45.171: [INFO][SyncAuthManager::EdgeLogTokenErrorState] Token error with: None for account type: MSA
2026-05-30 14:34:45.171: [INFO][Sync] Credentials changed for: EdgeSyncScopeNew
2026-05-30 14:34:46.248: [INFO][SyncAuthManager::SetLastAuthError] Current auth error: None
2026-05-30 14:34:46.248: [INFO][SyncAuthManager::EdgeLogTokenErrorState] Token error with: None for account type: MSA
2026-05-30 14:34:46.248: [INFO][Sync] Credentials changed for: EdgeSyncKeyDataScope
2026-05-30 14:34:46.249: [INFO][SyncEngineBackend::DoUpdateKeyDataCredentials] Update key data credentials
2026-05-30 14:34:46.249: [INFO][SyncEngineBackend::DoUpdateCredentials] Update credentials
2026-05-30 14:34:46.249: [INFO][SyncSchedulerImpl::DoConfigurationSyncCycleJob] Blocked types:  and types to download: Encryption Keys
2026-05-30 14:34:46.961: [INFO][Sync] Started DataTypeManager configuration, reason: 4
2026-05-30 14:34:46.961: [INFO][Sync] Configuring for: Bookmarks, Preferences, Passwords, Autofill Profiles, Autofill, Extensions, Sessions, Extension settings, History Delete Directives, Device Info, User Consents, Send Tab To Self, Web Apps, History, Saved Tab Group, WebAuthn Credentials, Collection, Edge E Drop, Edge Hub App Usage, Edge Wallet, Edge Workspace, Encryption Keys, reason: 4, current state: 0
2026-05-30 14:34:46.961: [WARN][Sync] Crypto error data types: Passwords, Autofill Profiles, Autofill
2026-05-30 14:34:46.968: [INFO][Sync] Configure, desired: Bookmarks, Preferences, Extensions, Sessions, Extension settings, History Delete Directives, Device Info, User Consents, Send Tab To Self, Web Apps, History, Saved Tab Group, WebAuthn Credentials, Collection, Edge E Drop, Edge Hub App Usage, Edge Wallet, Edge Workspace, Encryption Keys; Allow fail: Passwords, Autofill Profiles, Autofill
2026-05-30 14:34:46.968: [INFO][Sync] Loading: Bookmarks
2026-05-30 14:34:46.968: [INFO][Sync] Loading: Preferences
2026-05-30 14:34:46.968: [INFO][Sync] Loading: Extensions
2026-05-30 14:34:46.968: [INFO][Sync] Loading: Sessions
2026-05-30 14:34:46.968: [INFO][Sync] Loading: Extension settings
2026-05-30 14:34:46.968: [INFO][Sync] Loading: History Delete Directives
2026-05-30 14:34:46.968: [INFO][Sync] Loading: Device Info
2026-05-30 14:34:46.968: [INFO][Sync] Loading: User Consents
2026-05-30 14:34:46.968: [INFO][Sync] Loading: Send Tab To Self
2026-05-30 14:34:46.968: [INFO][Sync] Loading: Web Apps
2026-05-30 14:34:46.968: [INFO][Sync] Loading: History
2026-05-30 14:34:46.968: [INFO][Sync] Loading: Saved Tab Group
2026-05-30 14:34:46.968: [INFO][Sync] Loading: WebAuthn Credentials
2026-05-30 14:34:46.968: [INFO][Sync] Loading: Collection
2026-05-30 14:34:46.968: [INFO][Sync] Loading: Edge E Drop
2026-05-30 14:34:46.968: [INFO][Sync] Loading: Edge Hub App Usage
2026-05-30 14:34:46.968: [INFO][Sync] Loading: Edge Wallet
2026-05-30 14:34:46.968: [INFO][Sync] Loading: Edge Workspace
2026-05-30 14:34:46.990: [INFO][Sync] All data types are ready for configure.
2026-05-30 14:34:47.652: [INFO][Sync] Started DataTypeManager configuration, reason: 5
2026-05-30 14:34:47.652: [INFO][Sync] Configuring for: Bookmarks, Preferences, Passwords, Autofill Profiles, Autofill, Extensions, Sessions, Extension settings, History Delete Directives, Device Info, User Consents, Send Tab To Self, Web Apps, History, Saved Tab Group, WebAuthn Credentials, Collection, Edge E Drop, Edge Hub App Usage, Edge Wallet, Edge Workspace, Encryption Keys, reason: 5, current state: 1
2026-05-30 14:34:47.662: [INFO][SyncEngineBackend::DoStartConfiguration] Start configuration
2026-05-30 14:34:47.662: [INFO][SyncManagerImpl::NudgeForInitialDownload] Initial download nudge for Bookmarks
2026-05-30 14:34:47.662: [INFO][SyncManagerImpl::NudgeForInitialDownload] Initial download nudge for Preferences
2026-05-30 14:34:47.662: [INFO][SyncManagerImpl::NudgeForInitialDownload] Initial download nudge for Extensions
2026-05-30 14:34:47.662: [INFO][SyncManagerImpl::NudgeForInitialDownload] Initial download nudge for Sessions
2026-05-30 14:34:47.662: [INFO][SyncManagerImpl::NudgeForInitialDownload] Initial download nudge for Extension settings
2026-05-30 14:34:47.662: [INFO][SyncManagerImpl::NudgeForInitialDownload] Initial download nudge for History Delete Directives
2026-05-30 14:34:47.662: [INFO][SyncManagerImpl::NudgeForInitialDownload] Initial download nudge for Device Info
2026-05-30 14:34:47.662: [INFO][SyncManagerImpl::NudgeForInitialDownload] Initial download nudge for Send Tab To Self
2026-05-30 14:34:47.662: [INFO][SyncManagerImpl::NudgeForInitialDownload] Initial download nudge for Web Apps
2026-05-30 14:34:47.662: [INFO][SyncManagerImpl::NudgeForInitialDownload] Initial download nudge for History
2026-05-30 14:34:47.662: [INFO][SyncManagerImpl::NudgeForInitialDownload] Initial download nudge for Saved Tab Group
2026-05-30 14:34:47.663: [INFO][SyncManagerImpl::NudgeForInitialDownload] Initial download nudge for WebAuthn Credentials
2026-05-30 14:34:47.663: [INFO][SyncManagerImpl::NudgeForInitialDownload] Initial download nudge for Collection
2026-05-30 14:34:47.663: [INFO][SyncManagerImpl::NudgeForInitialDownload] Initial download nudge for Edge E Drop
2026-05-30 14:34:47.663: [INFO][SyncManagerImpl::NudgeForInitialDownload] Initial download nudge for Edge Hub App Usage
2026-05-30 14:34:47.663: [INFO][SyncManagerImpl::NudgeForInitialDownload] Initial download nudge for Edge Wallet
2026-05-30 14:34:47.663: [INFO][SyncManagerImpl::NudgeForInitialDownload] Initial download nudge for Edge Workspace
2026-05-30 14:34:47.663: [INFO][SyncManagerImpl::ConfigureSyncer] Types to download:  with reason: 4
2026-05-30 14:34:47.663: [INFO][SyncEngineBackend::DoFinishConfigureDataTypes] Failed to download types:  and succeeded types: 
2026-05-30 14:34:47.670: [INFO][Sync] ConfigurationDone, failed: , succeeded: , remaining count: 4
2026-05-30 14:34:47.670: [WARN][Sync]     Reconfigure requested while configuration ongoing.
2026-05-30 14:34:47.670: [INFO][Sync] Configuring for: Bookmarks, Preferences, Passwords, Autofill Profiles, Autofill, Extensions, Sessions, Extension settings, History Delete Directives, Device Info, User Consents, Send Tab To Self, Web Apps, History, Saved Tab Group, WebAuthn Credentials, Collection, Edge E Drop, Edge Hub App Usage, Edge Wallet, Edge Workspace, Encryption Keys, reason: 5, current state: 2
2026-05-30 14:34:47.670: [INFO][Sync] Configure, desired: Bookmarks, Preferences, Passwords, Autofill Profiles, Autofill, Extensions, Sessions, Extension settings, History Delete Directives, Device Info, User Consents, Send Tab To Self, Web Apps, History, Saved Tab Group, WebAuthn Credentials, Collection, Edge E Drop, Edge Hub App Usage, Edge Wallet, Edge Workspace, Encryption Keys; Allow fail: 
2026-05-30 14:34:47.670: [INFO][Sync] Loading: Passwords
2026-05-30 14:34:47.670: [INFO][Sync] Loading: Autofill Profiles
2026-05-30 14:34:47.670: [INFO][Sync] Loading: Autofill
2026-05-30 14:34:47.671: [INFO][Sync] All data types are ready for configure.
2026-05-30 14:34:47.671: [INFO][SyncManagerImpl::NudgeForInitialDownload] Initial download nudge for Passwords
2026-05-30 14:34:47.671: [INFO][SyncManagerImpl::NudgeForInitialDownload] Initial download nudge for Autofill Profiles
2026-05-30 14:34:47.671: [INFO][SyncManagerImpl::NudgeForInitialDownload] Initial download nudge for Autofill
2026-05-30 14:34:47.671: [INFO][SyncManagerImpl::ConfigureSyncer] Types to download:  with reason: 5
2026-05-30 14:34:47.671: [INFO][SyncEngineBackend::DoFinishConfigureDataTypes] Failed to download types:  and succeeded types: 
2026-05-30 14:34:47.671: [INFO][Sync] ConfigurationDone, failed: , succeeded: , remaining count: 4
2026-05-30 14:34:47.671: [INFO][Sync] Prepare to configure types: Preferences, Passwords, Device Info, Send Tab To Self, Edge E Drop, Encryption Keys
2026-05-30 14:34:47.671: [INFO][SyncManagerImpl::ConfigureSyncer] Types to download: Preferences, Passwords, Device Info, Send Tab To Self, Edge E Drop, Encryption Keys with reason: 5
2026-05-30 14:34:47.671: [INFO][SyncSchedulerImpl::DoConfigurationSyncCycleJob] Blocked types:  and types to download: Preferences, Passwords, Device Info, Send Tab To Self, Edge E Drop, Encryption Keys
2026-05-30 14:34:48.089: [INFO][SyncEngineBackend::DoFinishConfigureDataTypes] Failed to download types:  and succeeded types: Preferences, Passwords, Device Info, Send Tab To Self, Edge E Drop, Encryption Keys
2026-05-30 14:34:48.099: [INFO][Sync] ConfigurationDone, failed: , succeeded: Preferences, Passwords, Device Info, Send Tab To Self, Edge E Drop, Encryption Keys, remaining count: 3
2026-05-30 14:34:48.099: [INFO][Sync] Prepare to configure types: Bookmarks, Encryption Keys
2026-05-30 14:34:48.099: [INFO][SyncManagerImpl::ConfigureSyncer] Types to download: Bookmarks, Encryption Keys with reason: 5
2026-05-30 14:34:48.099: [INFO][SyncSchedulerImpl::DoConfigurationSyncCycleJob] Blocked types:  and types to download: Bookmarks, Encryption Keys
2026-05-30 14:34:48.448: [INFO][SyncEngineBackend::DoFinishConfigureDataTypes] Failed to download types:  and succeeded types: Bookmarks, Encryption Keys
2026-05-30 14:34:48.452: [INFO][Sync] ConfigurationDone, failed: , succeeded: Bookmarks, Encryption Keys, remaining count: 2
2026-05-30 14:34:48.452: [INFO][Sync] Prepare to configure types: Autofill Profiles, Autofill, Extensions, Sessions, Extension settings, History Delete Directives, Web Apps, Saved Tab Group, WebAuthn Credentials, Collection, Edge Hub App Usage, Edge Wallet, Edge Workspace, Encryption Keys
2026-05-30 14:34:48.452: [INFO][SyncManagerImpl::ConfigureSyncer] Types to download: Autofill Profiles, Autofill, Extensions, Sessions, Extension settings, History Delete Directives, Web Apps, Saved Tab Group, WebAuthn Credentials, Collection, Edge Hub App Usage, Edge Wallet, Edge Workspace, Encryption Keys with reason: 5
2026-05-30 14:34:48.452: [INFO][SyncSchedulerImpl::DoConfigurationSyncCycleJob] Blocked types:  and types to download: Autofill Profiles, Autofill, Extensions, Sessions, Extension settings, History Delete Directives, Web Apps, Saved Tab Group, WebAuthn Credentials, Collection, Edge Hub App Usage, Edge Wallet, Edge Workspace, Encryption Keys
2026-05-30 14:34:49.098: [INFO][SyncEngineBackend::DoFinishConfigureDataTypes] Failed to download types:  and succeeded types: Autofill Profiles, Autofill, Extensions, Sessions, Extension settings, History Delete Directives, Web Apps, Saved Tab Group, WebAuthn Credentials, Collection, Edge Hub App Usage, Edge Wallet, Edge Workspace, Encryption Keys
2026-05-30 14:34:49.101: [INFO][Sync] ConfigurationDone, failed: , succeeded: Autofill Profiles, Autofill, Extensions, Sessions, Extension settings, History Delete Directives, Web Apps, Saved Tab Group, WebAuthn Credentials, Collection, Edge Hub App Usage, Edge Wallet, Edge Workspace, Encryption Keys, remaining count: 1
2026-05-30 14:34:49.107: [INFO][Sync] Prepare to configure types: History, Encryption Keys
2026-05-30 14:34:49.107: [INFO][SyncManagerImpl::ConfigureSyncer] Types to download: History, Encryption Keys with reason: 5
2026-05-30 14:34:49.107: [INFO][SyncSchedulerImpl::DoConfigurationSyncCycleJob] Blocked types:  and types to download: History, Encryption Keys
2026-05-30 14:34:49.546: [INFO][SyncEngineBackend::DoFinishConfigureDataTypes] Failed to download types:  and succeeded types: History, Encryption Keys
2026-05-30 14:34:49.551: [INFO][Sync] ConfigurationDone, failed: , succeeded: History, Encryption Keys, remaining count: 0
2026-05-30 14:34:49.558: [INFO][Sync]     Configuration completed, state: 7
2026-05-30 14:34:49.558: [INFO][Sync] Configured DataTypeManager: Ok
2026-05-30 14:34:49.565: [INFO][SyncEngineBackend::DoStartSyncing] Start syncing
2026-05-30 14:49:08.535: [INFO][Sync] Reset engine, reason: 0
2026-05-30 14:49:08.535: [INFO][Sync] Reset engine with reason: 0
2026-05-30 16:40:18.818: [INFO][Sync] SyncState after authenticated was: FeatureCanStart
2026-05-30 16:40:20.692: [INFO][SyncAuthManager::SetLastAuthError] Current auth error: None
2026-05-30 16:40:20.692: [INFO][SyncAuthManager::EdgeLogTokenErrorState] Token error with: None for account type: MSA
2026-05-30 16:40:20.692: [INFO][Sync] Credentials changed for: EdgeSyncKeyDataScope
2026-05-30 16:40:28.989: [INFO][Sync] Try to start sync engine
2026-05-30 16:40:28.991: [INFO][SyncManagerImpl::NudgeForInitialDownload] Initial download nudge for Encryption Keys
2026-05-30 16:40:28.991: [INFO][SyncEngineBackend::LoadAndConnectNigoriController] Load and connect Nigori controller
2026-05-30 16:40:28.991: [INFO][SyncEngineBackend::DoInitialize] Control Types added: Encryption Keys
2026-05-30 16:40:28.991: [INFO][SyncManagerImpl::ConfigureSyncer] Types to download: Encryption Keys with reason: 3
2026-05-30 16:40:28.991: [INFO][SyncEngineBackend::DoUpdateKeyDataCredentials] Update key data credentials
2026-05-30 16:40:28.991: [INFO][SyncSchedulerImpl::DoConfigurationSyncCycleJob] Configure job was blocked
2026-05-30 16:40:29.000: [INFO][SyncAuthManager::SetLastAuthError] Current auth error: None
2026-05-30 16:40:29.000: [INFO][SyncAuthManager::EdgeLogTokenErrorState] Token error with: None for account type: MSA
2026-05-30 16:40:29.000: [INFO][Sync] Credentials changed for: EdgeSyncScopeNew
2026-05-30 16:40:29.000: [INFO][SyncEngineBackend::DoUpdateCredentials] Update credentials
2026-05-30 16:40:29.000: [INFO][SyncEngineBackend::DoUpdateKeyDataCredentials] Update key data credentials
2026-05-30 16:40:29.000: [INFO][SyncSchedulerImpl::DoConfigurationSyncCycleJob] Blocked types:  and types to download: Encryption Keys
2026-05-30 16:40:30.086: [INFO][Sync] Started DataTypeManager configuration, reason: 4
2026-05-30 16:40:30.086: [INFO][Sync] Configuring for: Bookmarks, Preferences, Passwords, Autofill Profiles, Autofill, Extensions, Sessions, Extension settings, History Delete Directives, Device Info, User Consents, Send Tab To Self, Web Apps, History, Saved Tab Group, WebAuthn Credentials, Collection, Edge E Drop, Edge Hub App Usage, Edge Wallet, Edge Workspace, Encryption Keys, reason: 4, current state: 0
2026-05-30 16:40:30.086: [WARN][Sync] Crypto error data types: Passwords, Autofill Profiles, Autofill
2026-05-30 16:40:30.091: [INFO][Sync] Configure, desired: Bookmarks, Preferences, Extensions, Sessions, Extension settings, History Delete Directives, Device Info, User Consents, Send Tab To Self, Web Apps, History, Saved Tab Group, WebAuthn Credentials, Collection, Edge E Drop, Edge Hub App Usage, Edge Wallet, Edge Workspace, Encryption Keys; Allow fail: Passwords, Autofill Profiles, Autofill
2026-05-30 16:40:30.091: [INFO][Sync] Loading: Bookmarks
2026-05-30 16:40:30.091: [INFO][Sync] Loading: Preferences
2026-05-30 16:40:30.091: [INFO][Sync] Loading: Extensions
2026-05-30 16:40:30.091: [INFO][Sync] Loading: Sessions
2026-05-30 16:40:30.092: [INFO][Sync] Loading: Extension settings
2026-05-30 16:40:30.092: [INFO][Sync] Loading: History Delete Directives
2026-05-30 16:40:30.092: [INFO][Sync] Loading: Device Info
2026-05-30 16:40:30.092: [INFO][Sync] Loading: User Consents
2026-05-30 16:40:30.092: [INFO][Sync] Loading: Send Tab To Self
2026-05-30 16:40:30.092: [INFO][Sync] Loading: Web Apps
2026-05-30 16:40:30.092: [INFO][Sync] Loading: History
2026-05-30 16:40:30.092: [INFO][Sync] Loading: Saved Tab Group
2026-05-30 16:40:30.092: [INFO][Sync] Loading: WebAuthn Credentials
2026-05-30 16:40:30.092: [INFO][Sync] Loading: Collection
2026-05-30 16:40:30.092: [INFO][Sync] Loading: Edge E Drop
2026-05-30 16:40:30.092: [INFO][Sync] Loading: Edge Hub App Usage
2026-05-30 16:40:30.092: [INFO][Sync] Loading: Edge Wallet
2026-05-30 16:40:30.092: [INFO][Sync] Loading: Edge Workspace
2026-05-30 16:40:30.102: [INFO][Sync] All data types are ready for configure.
2026-05-30 16:40:30.747: [INFO][Sync] Started DataTypeManager configuration, reason: 5
2026-05-30 16:40:30.747: [INFO][Sync] Configuring for: Bookmarks, Preferences, Passwords, Autofill Profiles, Autofill, Extensions, Sessions, Extension settings, History Delete Directives, Device Info, User Consents, Send Tab To Self, Web Apps, History, Saved Tab Group, WebAuthn Credentials, Collection, Edge E Drop, Edge Hub App Usage, Edge Wallet, Edge Workspace, Encryption Keys, reason: 5, current state: 1
2026-05-30 16:40:30.750: [INFO][SyncEngineBackend::DoStartConfiguration] Start configuration
2026-05-30 16:40:30.750: [INFO][SyncManagerImpl::ConfigureSyncer] Types to download:  with reason: 4
2026-05-30 16:40:30.750: [INFO][SyncEngineBackend::DoFinishConfigureDataTypes] Failed to download types:  and succeeded types: 
2026-05-30 16:40:30.750: [INFO][Sync] ConfigurationDone, failed: , succeeded: , remaining count: 4
2026-05-30 16:40:30.750: [WARN][Sync]     Reconfigure requested while configuration ongoing.
2026-05-30 16:40:30.750: [INFO][Sync] Configuring for: Bookmarks, Preferences, Passwords, Autofill Profiles, Autofill, Extensions, Sessions, Extension settings, History Delete Directives, Device Info, User Consents, Send Tab To Self, Web Apps, History, Saved Tab Group, WebAuthn Credentials, Collection, Edge E Drop, Edge Hub App Usage, Edge Wallet, Edge Workspace, Encryption Keys, reason: 5, current state: 2
2026-05-30 16:40:30.750: [INFO][Sync] Configure, desired: Bookmarks, Preferences, Passwords, Autofill Profiles, Autofill, Extensions, Sessions, Extension settings, History Delete Directives, Device Info, User Consents, Send Tab To Self, Web Apps, History, Saved Tab Group, WebAuthn Credentials, Collection, Edge E Drop, Edge Hub App Usage, Edge Wallet, Edge Workspace, Encryption Keys; Allow fail: 
2026-05-30 16:40:30.750: [INFO][Sync] Loading: Passwords
2026-05-30 16:40:30.750: [INFO][Sync] Loading: Autofill Profiles
2026-05-30 16:40:30.750: [INFO][Sync] Loading: Autofill
2026-05-30 16:40:30.750: [INFO][Sync] All data types are ready for configure.
2026-05-30 16:40:30.750: [INFO][SyncManagerImpl::NudgeForInitialDownload] Initial download nudge for Passwords
2026-05-30 16:40:30.750: [INFO][SyncManagerImpl::ConfigureSyncer] Types to download:  with reason: 5
2026-05-30 16:40:30.750: [INFO][SyncEngineBackend::DoFinishConfigureDataTypes] Failed to download types:  and succeeded types: 
2026-05-30 16:40:30.750: [INFO][Sync] ConfigurationDone, failed: , succeeded: , remaining count: 4
2026-05-30 16:40:30.751: [INFO][Sync] Prepare to configure types: Passwords, Encryption Keys
2026-05-30 16:40:30.751: [INFO][SyncManagerImpl::ConfigureSyncer] Types to download: Passwords, Encryption Keys with reason: 5
2026-05-30 16:40:30.751: [INFO][SyncSchedulerImpl::DoConfigurationSyncCycleJob] Blocked types:  and types to download: Passwords, Encryption Keys
2026-05-30 16:40:31.104: [INFO][SyncEngineBackend::DoFinishConfigureDataTypes] Failed to download types:  and succeeded types: Passwords, Encryption Keys
2026-05-30 16:40:31.106: [INFO][Sync] ConfigurationDone, failed: , succeeded: Passwords, Encryption Keys, remaining count: 3
2026-05-30 16:40:31.106: [INFO][SyncManagerImpl::ConfigureSyncer] Types to download:  with reason: 5
2026-05-30 16:40:31.106: [INFO][SyncEngineBackend::DoFinishConfigureDataTypes] Failed to download types:  and succeeded types: 
2026-05-30 16:40:31.106: [INFO][Sync] ConfigurationDone, failed: , succeeded: , remaining count: 2
2026-05-30 16:40:31.106: [INFO][SyncManagerImpl::ConfigureSyncer] Types to download:  with reason: 5
2026-05-30 16:40:31.106: [INFO][SyncEngineBackend::DoFinishConfigureDataTypes] Failed to download types:  and succeeded types: 
2026-05-30 16:40:31.111: [INFO][Sync] ConfigurationDone, failed: , succeeded: , remaining count: 1
2026-05-30 16:40:31.114: [INFO][SyncManagerImpl::ConfigureSyncer] Types to download:  with reason: 5
2026-05-30 16:40:31.114: [INFO][SyncEngineBackend::DoFinishConfigureDataTypes] Failed to download types:  and succeeded types: 
2026-05-30 16:40:31.115: [INFO][Sync] ConfigurationDone, failed: , succeeded: , remaining count: 0
2026-05-30 16:40:31.117: [INFO][Sync]     Configuration completed, state: 7
2026-05-30 16:40:31.117: [INFO][Sync] Configured DataTypeManager: Ok
2026-05-30 16:40:31.120: [INFO][SyncEngineBackend::DoStartSyncing] Start syncing
2026-05-30 16:52:44.186: [INFO][Sync] Reset engine, reason: 0
2026-05-30 16:52:44.186: [INFO][Sync] Reset engine with reason: 0
