2026-05-29 08:59:35.548: [INFO] VisibilityChanged: 0
2026-05-29 08:59:35.618: [INFO] RecordSyncInitDuration has_sync_been_enabled: 0 state: 0
2026-05-29 08:59:35.624: [INFO] RecordSyncInitDuration has_sync_been_enabled: 0 state: 0
2026-05-29 08:59:35.629: [INFO] RecordSyncInitDuration has_sync_been_enabled: 0 state: 0
2026-05-29 08:59:35.635: [INFO] RecordSyncInitDuration has_sync_been_enabled: 0 state: 0
2026-05-29 08:59:35.640: [INFO] RecordSyncInitDuration has_sync_been_enabled: 0 state: 0
2026-05-29 08:59:35.644: [INFO] RecordSyncInitDuration has_sync_been_enabled: 0 state: 0
2026-05-29 08:59:35.645: [INFO] RecordSyncInitDuration has_sync_been_enabled: 0 state: 0
2026-05-29 08:59:35.648: [INFO] RecordSyncInitDuration has_sync_been_enabled: 0 state: 0
2026-05-29 08:59:35.650: [INFO] RecordSyncInitDuration has_sync_been_enabled: 0 state: 0
2026-05-29 08:59:35.654: [INFO] RecordSyncInitDuration has_sync_been_enabled: 0 state: 0
2026-05-29 08:59:35.659: [INFO] RecordSyncInitDuration has_sync_been_enabled: 0 state: 0
2026-05-29 08:59:35.663: [INFO] RecordSyncInitDuration has_sync_been_enabled: 0 state: 0
2026-05-29 08:59:35.735: [INFO] BookmarkModelLoaded, ids_reassigned: 0
2026-05-29 08:59:35.735: [INFO] OnDoneLoading sync enabled: 0
2026-05-29 08:59:35.883: [INFO] RecordSyncInitDuration has_sync_been_enabled: 0 state: 0
2026-05-29 08:59:39.732: [INFO] RecordSyncInitDuration has_sync_been_enabled: 0 state: 0
2026-05-29 08:59:39.806: [INFO] RecordSyncInitDuration has_sync_been_enabled: 0 state: 3
2026-05-29 08:59:39.882: [INFO] Primary account changed.
2026-05-29 08:59:39.882: [INFO] OnPrimaryAccountChanged PrimaryAccountChangeEvent::Type::kSet
2026-05-29 08:59:39.913: [INFO] RecordSyncInitDuration has_sync_been_enabled: 0 state: 3
2026-05-29 08:59:46.312: [INFO] Sync initialization duration: 5109ms
2026-05-30 14:20:29.181: [INFO] VisibilityChanged: 0
2026-05-30 14:20:29.356: [INFO] BookmarkModelLoaded, ids_reassigned: 0
2026-05-30 14:20:29.356: [INFO] OnDoneLoading sync enabled: 1
2026-05-30 14:20:41.338: [INFO] Sync initialization duration: 2176ms
2026-05-30 14:34:40.389: [INFO] VisibilityChanged: 0
2026-05-30 14:34:40.549: [INFO] BookmarkModelLoaded, ids_reassigned: 0
2026-05-30 14:34:40.549: [INFO] OnDoneLoading sync enabled: 0
2026-05-30 14:34:45.132: [INFO] Primary account changed.
2026-05-30 14:34:45.132: [INFO] OnPrimaryAccountChanged PrimaryAccountChangeEvent::Type::kSet
2026-05-30 14:34:49.107: [INFO] Sync initialization duration: 8553ms
2026-05-30 16:40:19.034: [INFO] VisibilityChanged: 0
2026-05-30 16:40:19.191: [INFO] BookmarkModelLoaded, ids_reassigned: 0
2026-05-30 16:40:19.191: [INFO] OnDoneLoading sync enabled: 1
2026-05-30 16:40:31.114: [INFO] Sync initialization duration: 2111ms
2026-05-30 16:46:59.575: [INFO] VisibilityChanged: 1
2026-05-30 16:47:00.653: [INFO] VisibilityChanged: 0
